0 verbose cli /usr/local/bin/node /usr/local/bin/npm
1 info using npm@10.9.3
2 info using node@v22.20.0
3 silly config load:file:/usr/local/lib/node_modules/npm/npmrc
4 silly config load:file:/Users/aryanpatil/backend-intern-assessment/backend/.npmrc
5 silly config load:file:/Users/aryanpatil/.npmrc
6 silly config load:file:/usr/local/etc/npmrc
7 verbose title npm install express mongoose dotenv bcrypt jsonwebtoken cors
8 verbose argv "install" "express" "mongoose" "dotenv" "bcrypt" "jsonwebtoken" "cors"
9 verbose logfile logs-max:10 dir:/Users/aryanpatil/backend-intern-assessment/backend/.npm-cache/_logs/2025-12-30T07_22_04_052Z-
10 verbose logfile /Users/aryanpatil/backend-intern-assessment/backend/.npm-cache/_logs/2025-12-30T07_22_04_052Z-debug-0.log
11 silly logfile done cleaning log files
12 silly packumentCache heap:2197815296 maxSize:549453824 maxEntrySize:274726912
13 silly idealTree buildDeps
14 silly fetch manifest express@*
15 silly packumentCache full:https://registry.npmjs.org/express cache-miss
16 http fetch GET 200 https://registry.npmjs.org/express 168ms (cache miss)
17 silly packumentCache full:https://registry.npmjs.org/express set size:undefined disposed:false
18 silly fetch manifest mongoose@*
19 silly packumentCache full:https://registry.npmjs.org/mongoose cache-miss
20 http fetch GET 200 https://registry.npmjs.org/mongoose 418ms (cache miss)
21 silly packumentCache full:https://registry.npmjs.org/mongoose set size:undefined disposed:false
22 silly fetch manifest dotenv@*
23 silly packumentCache full:https://registry.npmjs.org/dotenv cache-miss
24 http fetch GET 200 https://registry.npmjs.org/dotenv 72ms (cache miss)
25 silly packumentCache full:https://registry.npmjs.org/dotenv set size:undefined disposed:false
26 silly fetch manifest bcrypt@*
27 silly packumentCache full:https://registry.npmjs.org/bcrypt cache-miss
28 http fetch GET 200 https://registry.npmjs.org/bcrypt 324ms (cache miss)
29 silly packumentCache full:https://registry.npmjs.org/bcrypt set size:undefined disposed:false
30 silly fetch manifest jsonwebtoken@*
31 silly packumentCache full:https://registry.npmjs.org/jsonwebtoken cache-miss
32 http fetch GET 200 https://registry.npmjs.org/jsonwebtoken 53ms (cache miss)
33 silly packumentCache full:https://registry.npmjs.org/jsonwebtoken set size:undefined disposed:false
34 silly fetch manifest cors@*
35 silly packumentCache full:https://registry.npmjs.org/cors cache-miss
36 http fetch GET 200 https://registry.npmjs.org/cors 71ms (cache miss)
37 silly packumentCache full:https://registry.npmjs.org/cors set size:undefined disposed:false
38 silly placeDep ROOT bcrypt@6.0.0 OK for: backend@1.0.0 want: *
39 silly placeDep ROOT cors@2.8.5 OK for: backend@1.0.0 want: *
40 silly placeDep ROOT dotenv@17.2.3 OK for: backend@1.0.0 want: *
41 silly placeDep ROOT express@5.2.1 OK for: backend@1.0.0 want: *
42 silly placeDep ROOT jsonwebtoken@9.0.3 OK for: backend@1.0.0 want: *
43 silly placeDep ROOT mongoose@9.1.0 OK for: backend@1.0.0 want: *
44 silly fetch manifest node-addon-api@^8.3.0
45 silly packumentCache full:https://registry.npmjs.org/node-addon-api cache-miss
46 silly fetch manifest node-gyp-build@^4.8.4
47 silly packumentCache full:https://registry.npmjs.org/node-gyp-build cache-miss
48 silly fetch manifest vary@^1
49 silly packumentCache full:https://registry.npmjs.org/vary cache-miss
50 silly fetch manifest object-assign@^4
51 silly packumentCache full:https://registry.npmjs.org/object-assign cache-miss
52 silly fetch manifest qs@^6.14.0
53 silly packumentCache full:https://registry.npmjs.org/qs cache-miss
54 silly fetch manifest depd@^2.0.0
55 silly packumentCache full:https://registry.npmjs.org/depd cache-miss
56 silly fetch manifest etag@^1.8.1
57 silly packumentCache full:https://registry.npmjs.org/etag cache-miss
58 http fetch GET 200 https://registry.npmjs.org/node-addon-api 116ms (cache miss)
59 silly packumentCache full:https://registry.npmjs.org/node-addon-api set size:undefined disposed:false
60 silly fetch manifest once@^1.4.0
61 silly packumentCache full:https://registry.npmjs.org/once cache-miss
62 http fetch GET 200 https://registry.npmjs.org/once 61ms (cache miss)
63 silly packumentCache full:https://registry.npmjs.org/once set size:undefined disposed:false
64 silly fetch manifest send@^1.1.0
65 silly packumentCache full:https://registry.npmjs.org/send cache-miss
66 http fetch GET 200 https://registry.npmjs.org/vary 201ms (cache miss)
67 silly packumentCache full:https://registry.npmjs.org/vary set size:undefined disposed:false
68 silly fetch manifest vary@^1.1.2
69 silly packumentCache full:https://registry.npmjs.org/vary cache-miss
70 http cache https://registry.npmjs.org/vary 4ms (cache hit)
71 silly packumentCache full:https://registry.npmjs.org/vary set size:16018 disposed:false
72 silly fetch manifest debug@^4.4.0
73 silly packumentCache full:https://registry.npmjs.org/debug cache-miss
74 http fetch GET 200 https://registry.npmjs.org/qs 207ms (cache miss)
75 silly packumentCache full:https://registry.npmjs.org/qs set size:undefined disposed:false
76 silly fetch manifest fresh@^2.0.0
77 silly packumentCache full:https://registry.npmjs.org/fresh cache-miss
78 http fetch GET 200 https://registry.npmjs.org/etag 211ms (cache miss)
79 silly packumentCache full:https://registry.npmjs.org/etag set size:undefined disposed:false
80 silly fetch manifest cookie@^0.7.1
81 silly packumentCache full:https://registry.npmjs.org/cookie cache-miss
82 http fetch GET 200 https://registry.npmjs.org/object-assign 216ms (cache miss)
83 silly packumentCache full:https://registry.npmjs.org/object-assign set size:undefined disposed:false
84 silly fetch manifest router@^2.2.0
85 silly packumentCache full:https://registry.npmjs.org/router cache-miss
86 http fetch GET 200 https://registry.npmjs.org/depd 239ms (cache miss)
87 silly packumentCache full:https://registry.npmjs.org/depd set size:undefined disposed:false
88 silly fetch manifest accepts@^2.0.0
89 silly packumentCache full:https://registry.npmjs.org/accepts cache-miss
90 http fetch GET 200 https://registry.npmjs.org/fresh 52ms (cache miss)
91 silly packumentCache full:https://registry.npmjs.org/fresh set size:undefined disposed:false
92 silly fetch manifest type-is@^2.0.1
93 silly packumentCache full:https://registry.npmjs.org/type-is cache-miss
94 http fetch GET 200 https://registry.npmjs.org/send 89ms (cache miss)
95 silly packumentCache full:https://registry.npmjs.org/send set size:undefined disposed:false
96 silly fetch manifest parseurl@^1.3.3
97 silly packumentCache full:https://registry.npmjs.org/parseurl cache-miss
98 http fetch GET 200 https://registry.npmjs.org/router 59ms (cache miss)
99 silly packumentCache full:https://registry.npmjs.org/router set size:undefined disposed:false
100 silly fetch manifest statuses@^2.0.1
101 silly packumentCache full:https://registry.npmjs.org/statuses cache-miss
102 http fetch GET 200 https://registry.npmjs.org/cookie 68ms (cache miss)
103 silly packumentCache full:https://registry.npmjs.org/cookie set size:undefined disposed:false
104 silly fetch manifest encodeurl@^2.0.0
105 silly packumentCache full:https://registry.npmjs.org/encodeurl cache-miss
106 http fetch GET 200 https://registry.npmjs.org/debug 85ms (cache miss)
107 silly packumentCache full:https://registry.npmjs.org/debug set size:undefined disposed:false
108 silly fetch manifest mime-types@^3.0.0
109 silly packumentCache full:https://registry.npmjs.org/mime-types cache-miss
110 http fetch GET 200 https://registry.npmjs.org/accepts 83ms (cache miss)
111 silly packumentCache full:https://registry.npmjs.org/accepts set size:undefined disposed:false
112 silly fetch manifest proxy-addr@^2.0.7
113 silly packumentCache full:https://registry.npmjs.org/proxy-addr cache-miss
114 http fetch GET 200 https://registry.npmjs.org/type-is 66ms (cache miss)
115 silly packumentCache full:https://registry.npmjs.org/type-is set size:undefined disposed:false
116 silly fetch manifest body-parser@^2.2.1
117 silly packumentCache full:https://registry.npmjs.org/body-parser cache-miss
118 http fetch GET 200 https://registry.npmjs.org/parseurl 55ms (cache miss)
119 silly packumentCache full:https://registry.npmjs.org/parseurl set size:undefined disposed:false
120 silly fetch manifest escape-html@^1.0.3
121 silly packumentCache full:https://registry.npmjs.org/escape-html cache-miss
122 http fetch GET 200 https://registry.npmjs.org/statuses 79ms (cache miss)
123 silly packumentCache full:https://registry.npmjs.org/statuses set size:undefined disposed:false
124 silly fetch manifest http-errors@^2.0.0
125 silly packumentCache full:https://registry.npmjs.org/http-errors cache-miss
126 http fetch GET 200 https://registry.npmjs.org/mime-types 65ms (cache miss)
127 silly packumentCache full:https://registry.npmjs.org/mime-types set size:undefined disposed:false
128 silly fetch manifest on-finished@^2.4.1
129 silly packumentCache full:https://registry.npmjs.org/on-finished cache-miss
130 http fetch GET 200 https://registry.npmjs.org/encodeurl 78ms (cache miss)
131 silly packumentCache full:https://registry.npmjs.org/encodeurl set size:undefined disposed:false
132 silly fetch manifest content-type@^1.0.5
133 silly packumentCache full:https://registry.npmjs.org/content-type cache-miss
134 http fetch GET 200 https://registry.npmjs.org/escape-html 52ms (cache miss)
135 silly packumentCache full:https://registry.npmjs.org/escape-html set size:undefined disposed:false
136 silly fetch manifest finalhandler@^2.1.0
137 silly packumentCache full:https://registry.npmjs.org/finalhandler cache-miss
138 http fetch GET 200 https://registry.npmjs.org/proxy-addr 60ms (cache miss)
139 silly packumentCache full:https://registry.npmjs.org/proxy-addr set size:undefined disposed:false
140 silly fetch manifest range-parser@^1.2.1
141 silly packumentCache full:https://registry.npmjs.org/range-parser cache-miss
142 http fetch GET 200 https://registry.npmjs.org/body-parser 61ms (cache miss)
143 silly packumentCache full:https://registry.npmjs.org/body-parser set size:undefined disposed:false
144 silly fetch manifest serve-static@^2.2.0
145 silly packumentCache full:https://registry.npmjs.org/serve-static cache-miss
146 http fetch GET 200 https://registry.npmjs.org/http-errors 55ms (cache miss)
147 silly packumentCache full:https://registry.npmjs.org/http-errors set size:undefined disposed:false
148 silly fetch manifest cookie-signature@^1.2.1
149 silly packumentCache full:https://registry.npmjs.org/cookie-signature cache-miss
150 http fetch GET 200 https://registry.npmjs.org/on-finished 56ms (cache miss)
151 silly packumentCache full:https://registry.npmjs.org/on-finished set size:undefined disposed:false
152 silly fetch manifest merge-descriptors@^2.0.0
153 silly packumentCache full:https://registry.npmjs.org/merge-descriptors cache-miss
154 http fetch GET 200 https://registry.npmjs.org/content-type 56ms (cache miss)
155 silly packumentCache full:https://registry.npmjs.org/content-type set size:undefined disposed:false
156 silly fetch manifest content-disposition@^1.0.0
157 silly packumentCache full:https://registry.npmjs.org/content-disposition cache-miss
158 http fetch GET 200 https://registry.npmjs.org/range-parser 50ms (cache miss)
159 silly packumentCache full:https://registry.npmjs.org/range-parser set size:undefined disposed:false
160 silly fetch manifest ms@^2.1.1
161 silly packumentCache full:https://registry.npmjs.org/ms cache-miss
162 http fetch GET 200 https://registry.npmjs.org/finalhandler 58ms (cache miss)
163 silly packumentCache full:https://registry.npmjs.org/finalhandler set size:undefined disposed:false
164 silly fetch manifest jws@^4.0.1
165 silly packumentCache full:https://registry.npmjs.org/jws cache-miss
166 http fetch GET 200 https://registry.npmjs.org/serve-static 53ms (cache miss)
167 silly packumentCache full:https://registry.npmjs.org/serve-static set size:undefined disposed:false
168 silly fetch manifest semver@^7.5.4
169 silly packumentCache full:https://registry.npmjs.org/semver cache-miss
170 http fetch GET 200 https://registry.npmjs.org/node-gyp-build 460ms (cache miss)
171 silly packumentCache full:https://registry.npmjs.org/node-gyp-build set size:undefined disposed:false
172 silly fetch manifest lodash.once@^4.0.0
173 silly packumentCache full:https://registry.npmjs.org/lodash.once cache-miss
174 http fetch GET 200 https://registry.npmjs.org/cookie-signature 54ms (cache miss)
175 silly packumentCache full:https://registry.npmjs.org/cookie-signature set size:undefined disposed:false
176 silly fetch manifest lodash.includes@^4.3.0
177 silly packumentCache full:https://registry.npmjs.org/lodash.includes cache-miss
178 http fetch GET 200 https://registry.npmjs.org/content-disposition 61ms (cache miss)
179 silly packumentCache full:https://registry.npmjs.org/content-disposition set size:undefined disposed:false
180 silly fetch manifest lodash.isnumber@^3.0.3
181 silly packumentCache full:https://registry.npmjs.org/lodash.isnumber cache-miss
182 http fetch GET 200 https://registry.npmjs.org/merge-descriptors 63ms (cache miss)
183 silly packumentCache full:https://registry.npmjs.org/merge-descriptors set size:undefined disposed:false
184 silly fetch manifest lodash.isstring@^4.0.1
185 silly packumentCache full:https://registry.npmjs.org/lodash.isstring cache-miss
186 http fetch GET 200 https://registry.npmjs.org/ms 76ms (cache miss)
187 silly packumentCache full:https://registry.npmjs.org/ms set size:undefined disposed:false
188 silly fetch manifest lodash.isboolean@^3.0.3
189 silly packumentCache full:https://registry.npmjs.org/lodash.isboolean cache-miss
190 http fetch GET 200 https://registry.npmjs.org/jws 72ms (cache miss)
191 silly packumentCache full:https://registry.npmjs.org/jws set size:undefined disposed:false
192 silly fetch manifest lodash.isinteger@^4.0.4
193 silly packumentCache full:https://registry.npmjs.org/lodash.isinteger cache-miss
194 http fetch GET 200 https://registry.npmjs.org/semver 69ms (cache miss)
195 silly packumentCache full:https://registry.npmjs.org/semver set size:undefined disposed:false
196 silly fetch manifest lodash.isplainobject@^4.0.6
197 silly packumentCache full:https://registry.npmjs.org/lodash.isplainobject cache-miss
198 http fetch GET 200 https://registry.npmjs.org/lodash.includes 54ms (cache miss)
199 silly packumentCache full:https://registry.npmjs.org/lodash.includes set size:undefined disposed:false
200 silly fetch manifest kareem@3.0.0
201 silly packumentCache full:https://registry.npmjs.org/kareem cache-miss
202 http fetch GET 200 https://registry.npmjs.org/lodash.once 63ms (cache miss)
203 silly packumentCache full:https://registry.npmjs.org/lodash.once set size:undefined disposed:false
204 silly fetch manifest mongodb@~7.0
205 silly packumentCache full:https://registry.npmjs.org/mongodb cache-miss
206 http fetch GET 200 https://registry.npmjs.org/lodash.isnumber 59ms (cache miss)
207 silly packumentCache full:https://registry.npmjs.org/lodash.isnumber set size:undefined disposed:false
208 silly fetch manifest mpath@0.9.0
209 silly packumentCache full:https://registry.npmjs.org/mpath cache-miss
210 http fetch GET 200 https://registry.npmjs.org/lodash.isstring 87ms (cache miss)
211 silly packumentCache full:https://registry.npmjs.org/lodash.isstring set size:undefined disposed:false
212 silly fetch manifest mquery@6.0.0
213 silly packumentCache full:https://registry.npmjs.org/mquery cache-miss
214 http fetch GET 200 https://registry.npmjs.org/lodash.isinteger 52ms (cache miss)
215 silly packumentCache full:https://registry.npmjs.org/lodash.isinteger set size:undefined disposed:false
216 silly fetch manifest ms@2.1.3
217 silly packumentCache full:https://registry.npmjs.org/ms cache-miss
218 http cache https://registry.npmjs.org/ms 1ms (cache hit)
219 silly packumentCache full:https://registry.npmjs.org/ms set size:92208 disposed:false
220 silly fetch manifest sift@17.1.3
221 silly packumentCache full:https://registry.npmjs.org/sift cache-miss
222 http fetch GET 200 https://registry.npmjs.org/kareem 54ms (cache miss)
223 silly packumentCache full:https://registry.npmjs.org/kareem set size:undefined disposed:false
224 http fetch GET 200 https://registry.npmjs.org/lodash.isboolean 62ms (cache miss)
225 silly packumentCache full:https://registry.npmjs.org/lodash.isboolean set size:undefined disposed:false
226 http fetch GET 200 https://registry.npmjs.org/lodash.isplainobject 59ms (cache miss)
227 silly packumentCache full:https://registry.npmjs.org/lodash.isplainobject set size:undefined disposed:false
228 http fetch GET 200 https://registry.npmjs.org/mpath 81ms (cache miss)
229 silly packumentCache full:https://registry.npmjs.org/mpath set size:undefined disposed:false
230 http fetch GET 200 https://registry.npmjs.org/mongodb 109ms (cache miss)
231 silly packumentCache full:https://registry.npmjs.org/mongodb set size:undefined disposed:false
232 http fetch GET 200 https://registry.npmjs.org/mquery 93ms (cache miss)
233 silly packumentCache full:https://registry.npmjs.org/mquery set size:undefined disposed:false
234 http fetch GET 200 https://registry.npmjs.org/sift 91ms (cache miss)
235 silly packumentCache full:https://registry.npmjs.org/sift set size:undefined disposed:false
236 silly placeDep ROOT node-addon-api@8.5.0 OK for: bcrypt@6.0.0 want: ^8.3.0
237 silly placeDep ROOT node-gyp-build@4.8.4 OK for: bcrypt@6.0.0 want: ^4.8.4
238 silly placeDep ROOT object-assign@4.1.1 OK for: cors@2.8.5 want: ^4
239 silly placeDep ROOT vary@1.1.2 OK for: cors@2.8.5 want: ^1
240 silly placeDep ROOT accepts@2.0.0 OK for: express@5.2.1 want: ^2.0.0
241 silly placeDep ROOT body-parser@2.2.1 OK for: express@5.2.1 want: ^2.2.1
242 silly placeDep ROOT content-disposition@1.0.1 OK for: express@5.2.1 want: ^1.0.0
243 silly placeDep ROOT content-type@1.0.5 OK for: express@5.2.1 want: ^1.0.5
244 silly placeDep ROOT cookie@0.7.2 OK for: express@5.2.1 want: ^0.7.1
245 silly placeDep ROOT cookie-signature@1.2.2 OK for: express@5.2.1 want: ^1.2.1
246 silly placeDep ROOT debug@4.4.3 OK for: express@5.2.1 want: ^4.4.0
247 silly placeDep ROOT depd@2.0.0 OK for: express@5.2.1 want: ^2.0.0
248 silly placeDep ROOT encodeurl@2.0.0 OK for: express@5.2.1 want: ^2.0.0
249 silly placeDep ROOT escape-html@1.0.3 OK for: express@5.2.1 want: ^1.0.3
250 silly placeDep ROOT etag@1.8.1 OK for: express@5.2.1 want: ^1.8.1
251 silly placeDep ROOT finalhandler@2.1.1 OK for: express@5.2.1 want: ^2.1.0
252 silly placeDep ROOT fresh@2.0.0 OK for: express@5.2.1 want: ^2.0.0
253 silly placeDep ROOT http-errors@2.0.1 OK for: express@5.2.1 want: ^2.0.0
254 silly placeDep ROOT merge-descriptors@2.0.0 OK for: express@5.2.1 want: ^2.0.0
255 silly placeDep ROOT mime-types@3.0.2 OK for: express@5.2.1 want: ^3.0.0
256 silly placeDep ROOT on-finished@2.4.1 OK for: express@5.2.1 want: ^2.4.1
257 silly placeDep ROOT once@1.4.0 OK for: express@5.2.1 want: ^1.4.0
258 silly placeDep ROOT parseurl@1.3.3 OK for: express@5.2.1 want: ^1.3.3
259 silly placeDep ROOT proxy-addr@2.0.7 OK for: express@5.2.1 want: ^2.0.7
260 silly placeDep ROOT qs@6.14.1 OK for: express@5.2.1 want: ^6.14.0
261 silly placeDep ROOT range-parser@1.2.1 OK for: express@5.2.1 want: ^1.2.1
262 silly placeDep ROOT router@2.2.0 OK for: express@5.2.1 want: ^2.2.0
263 silly placeDep ROOT send@1.2.1 OK for: express@5.2.1 want: ^1.1.0
264 silly placeDep ROOT serve-static@2.2.1 OK for: express@5.2.1 want: ^2.2.0
265 silly placeDep ROOT statuses@2.0.2 OK for: express@5.2.1 want: ^2.0.1
266 silly placeDep ROOT type-is@2.0.1 OK for: express@5.2.1 want: ^2.0.1
267 silly fetch manifest negotiator@^1.0.0
268 silly packumentCache full:https://registry.npmjs.org/negotiator cache-miss
269 silly fetch manifest bytes@^3.1.2
270 silly packumentCache full:https://registry.npmjs.org/bytes cache-miss
271 silly fetch manifest debug@^4.4.3
272 silly packumentCache full:https://registry.npmjs.org/debug cache-miss
273 silly fetch manifest raw-body@^3.0.1
274 silly packumentCache full:https://registry.npmjs.org/raw-body cache-miss
275 silly fetch manifest iconv-lite@^0.7.0
276 silly packumentCache full:https://registry.npmjs.org/iconv-lite cache-miss
277 silly fetch manifest ms@^2.1.3
278 silly packumentCache full:https://registry.npmjs.org/ms cache-hit
279 silly fetch manifest inherits@~2.0.4
280 silly packumentCache full:https://registry.npmjs.org/inherits cache-miss
281 silly fetch manifest setprototypeof@~1.2.0
282 silly packumentCache full:https://registry.npmjs.org/setprototypeof cache-miss
283 http cache https://registry.npmjs.org/debug 3ms (cache hit)
284 silly packumentCache full:https://registry.npmjs.org/debug set size:195840 disposed:false
285 silly fetch manifest statuses@~2.0.2
286 silly packumentCache full:https://registry.npmjs.org/statuses cache-miss
287 http cache https://registry.npmjs.org/statuses 1ms (cache hit)
288 silly packumentCache full:https://registry.npmjs.org/statuses set size:37117 disposed:false
289 silly fetch manifest toidentifier@~1.0.1
290 silly packumentCache full:https://registry.npmjs.org/toidentifier cache-miss
291 http fetch GET 200 https://registry.npmjs.org/bytes 65ms (cache miss)
292 silly packumentCache full:https://registry.npmjs.org/bytes set size:undefined disposed:false
293 silly fetch manifest mime-db@^1.54.0
294 silly packumentCache full:https://registry.npmjs.org/mime-db cache-miss
295 http fetch GET 200 https://registry.npmjs.org/toidentifier 65ms (cache miss)
296 silly packumentCache full:https://registry.npmjs.org/toidentifier set size:undefined disposed:false
297 silly fetch manifest ee-first@1.1.1
298 silly packumentCache full:https://registry.npmjs.org/ee-first cache-miss
299 http fetch GET 200 https://registry.npmjs.org/negotiator 72ms (cache miss)
300 silly packumentCache full:https://registry.npmjs.org/negotiator set size:undefined disposed:false
301 silly fetch manifest wrappy@1
302 silly packumentCache full:https://registry.npmjs.org/wrappy cache-miss
303 http fetch GET 200 https://registry.npmjs.org/iconv-lite 77ms (cache miss)
304 silly packumentCache full:https://registry.npmjs.org/iconv-lite set size:undefined disposed:false
305 silly fetch manifest forwarded@0.2.0
306 silly packumentCache full:https://registry.npmjs.org/forwarded cache-miss
307 http fetch GET 200 https://registry.npmjs.org/inherits 81ms (cache miss)
308 silly packumentCache full:https://registry.npmjs.org/inherits set size:undefined disposed:false
309 silly fetch manifest ipaddr.js@1.9.1
310 silly packumentCache full:https://registry.npmjs.org/ipaddr.js cache-miss
311 http fetch GET 200 https://registry.npmjs.org/raw-body 81ms (cache miss)
312 silly packumentCache full:https://registry.npmjs.org/raw-body set size:undefined disposed:false
313 silly fetch manifest side-channel@^1.1.0
314 silly packumentCache full:https://registry.npmjs.org/side-channel cache-miss
315 http fetch GET 200 https://registry.npmjs.org/setprototypeof 82ms (cache miss)
316 silly packumentCache full:https://registry.npmjs.org/setprototypeof set size:undefined disposed:false
317 silly fetch manifest is-promise@^4.0.0
318 silly packumentCache full:https://registry.npmjs.org/is-promise cache-miss
319 http fetch GET 200 https://registry.npmjs.org/mime-db 60ms (cache miss)
320 silly packumentCache full:https://registry.npmjs.org/mime-db set size:undefined disposed:false
321 silly fetch manifest path-to-regexp@^8.0.0
322 silly packumentCache full:https://registry.npmjs.org/path-to-regexp cache-miss
323 http fetch GET 200 https://registry.npmjs.org/ee-first 62ms (cache miss)
324 silly packumentCache full:https://registry.npmjs.org/ee-first set size:undefined disposed:false
325 silly fetch manifest statuses@^2.0.2
326 silly packumentCache full:https://registry.npmjs.org/statuses cache-hit
327 silly fetch manifest media-typer@^1.1.0
328 silly packumentCache full:https://registry.npmjs.org/media-typer cache-miss
329 http fetch GET 200 https://registry.npmjs.org/wrappy 63ms (cache miss)
330 silly packumentCache full:https://registry.npmjs.org/wrappy set size:undefined disposed:false
331 http fetch GET 200 https://registry.npmjs.org/forwarded 57ms (cache miss)
332 silly packumentCache full:https://registry.npmjs.org/forwarded set size:undefined disposed:false
333 http fetch GET 200 https://registry.npmjs.org/ipaddr.js 57ms (cache miss)
334 silly packumentCache full:https://registry.npmjs.org/ipaddr.js set size:undefined disposed:false
335 http fetch GET 200 https://registry.npmjs.org/side-channel 60ms (cache miss)
336 silly packumentCache full:https://registry.npmjs.org/side-channel set size:undefined disposed:false
337 http fetch GET 200 https://registry.npmjs.org/media-typer 58ms (cache miss)
338 silly packumentCache full:https://registry.npmjs.org/media-typer set size:undefined disposed:false
339 http fetch GET 200 https://registry.npmjs.org/path-to-regexp 80ms (cache miss)
340 silly packumentCache full:https://registry.npmjs.org/path-to-regexp set size:undefined disposed:false
341 http fetch GET 200 https://registry.npmjs.org/is-promise 312ms (cache miss)
342 silly packumentCache full:https://registry.npmjs.org/is-promise set size:undefined disposed:false
343 silly placeDep ROOT negotiator@1.0.0 OK for: accepts@2.0.0 want: ^1.0.0
344 silly placeDep ROOT bytes@3.1.2 OK for: body-parser@2.2.1 want: ^3.1.2
345 silly placeDep ROOT iconv-lite@0.7.1 OK for: body-parser@2.2.1 want: ^0.7.0
346 silly placeDep ROOT raw-body@3.0.2 OK for: body-parser@2.2.1 want: ^3.0.1
347 silly fetch manifest safer-buffer@>= 2.1.2 < 3.0.0
348 silly packumentCache full:https://registry.npmjs.org/safer-buffer cache-miss
349 silly fetch manifest unpipe@~1.0.0
350 silly packumentCache full:https://registry.npmjs.org/unpipe cache-miss
351 http fetch GET 200 https://registry.npmjs.org/unpipe 59ms (cache miss)
352 silly packumentCache full:https://registry.npmjs.org/unpipe set size:undefined disposed:false
353 http fetch GET 200 https://registry.npmjs.org/safer-buffer 74ms (cache miss)
354 silly packumentCache full:https://registry.npmjs.org/safer-buffer set size:undefined disposed:false
355 silly placeDep ROOT ms@2.1.3 OK for: debug@4.4.3 want: ^2.1.3
356 silly placeDep ROOT inherits@2.0.4 OK for: http-errors@2.0.1 want: ~2.0.4
357 silly placeDep ROOT setprototypeof@1.2.0 OK for: http-errors@2.0.1 want: ~1.2.0
358 silly placeDep ROOT toidentifier@1.0.1 OK for: http-errors@2.0.1 want: ~1.0.1
359 silly placeDep ROOT safer-buffer@2.1.2 OK for: iconv-lite@0.7.1 want: >= 2.1.2 < 3.0.0
360 silly placeDep ROOT jws@4.0.1 OK for: jsonwebtoken@9.0.3 want: ^4.0.1
361 silly placeDep ROOT lodash.includes@4.3.0 OK for: jsonwebtoken@9.0.3 want: ^4.3.0
362 silly placeDep ROOT lodash.isboolean@3.0.3 OK for: jsonwebtoken@9.0.3 want: ^3.0.3
363 silly placeDep ROOT lodash.isinteger@4.0.4 OK for: jsonwebtoken@9.0.3 want: ^4.0.4
364 silly placeDep ROOT lodash.isnumber@3.0.3 OK for: jsonwebtoken@9.0.3 want: ^3.0.3
365 silly placeDep ROOT lodash.isplainobject@4.0.6 OK for: jsonwebtoken@9.0.3 want: ^4.0.6
366 silly placeDep ROOT lodash.isstring@4.0.1 OK for: jsonwebtoken@9.0.3 want: ^4.0.1
367 silly placeDep ROOT lodash.once@4.1.1 OK for: jsonwebtoken@9.0.3 want: ^4.0.0
368 silly placeDep ROOT semver@7.7.3 OK for: jsonwebtoken@9.0.3 want: ^7.5.4
369 silly fetch manifest jwa@^2.0.1
370 silly packumentCache full:https://registry.npmjs.org/jwa cache-miss
371 silly fetch manifest safe-buffer@^5.0.1
372 silly packumentCache full:https://registry.npmjs.org/safe-buffer cache-miss
373 http fetch GET 200 https://registry.npmjs.org/safe-buffer 55ms (cache miss)
374 silly packumentCache full:https://registry.npmjs.org/safe-buffer set size:undefined disposed:false
375 http fetch GET 200 https://registry.npmjs.org/jwa 72ms (cache miss)
376 silly packumentCache full:https://registry.npmjs.org/jwa set size:undefined disposed:false
377 silly placeDep ROOT jwa@2.0.1 OK for: jws@4.0.1 want: ^2.0.1
378 silly placeDep ROOT safe-buffer@5.2.1 OK for: jws@4.0.1 want: ^5.0.1
379 silly fetch manifest ecdsa-sig-formatter@1.0.11
380 silly packumentCache full:https://registry.npmjs.org/ecdsa-sig-formatter cache-miss
381 silly fetch manifest buffer-equal-constant-time@^1.0.1
382 silly packumentCache full:https://registry.npmjs.org/buffer-equal-constant-time cache-miss
383 http fetch GET 200 https://registry.npmjs.org/ecdsa-sig-formatter 53ms (cache miss)
384 silly packumentCache full:https://registry.npmjs.org/ecdsa-sig-formatter set size:undefined disposed:false
385 http fetch GET 200 https://registry.npmjs.org/buffer-equal-constant-time 54ms (cache miss)
386 silly packumentCache full:https://registry.npmjs.org/buffer-equal-constant-time set size:undefined disposed:false
387 silly placeDep ROOT buffer-equal-constant-time@1.0.1 OK for: jwa@2.0.1 want: ^1.0.1
388 silly placeDep ROOT ecdsa-sig-formatter@1.0.11 OK for: jwa@2.0.1 want: 1.0.11
389 silly placeDep ROOT mime-db@1.54.0 OK for: mime-types@3.0.2 want: ^1.54.0
390 silly fetch manifest @aws-sdk/credential-providers@^3.806.0
391 silly packumentCache full:https://registry.npmjs.org/@aws-sdk%2fcredential-providers cache-miss
392 http fetch GET 200 https://registry.npmjs.org/@aws-sdk%2fcredential-providers 540ms (cache miss)
393 silly packumentCache full:https://registry.npmjs.org/@aws-sdk%2fcredential-providers set size:undefined disposed:false
394 silly fetch manifest @mongodb-js/zstd@^7.0.0
395 silly packumentCache full:https://registry.npmjs.org/@mongodb-js%2fzstd cache-miss
396 http fetch GET 200 https://registry.npmjs.org/@mongodb-js%2fzstd 80ms (cache miss)
397 silly packumentCache full:https://registry.npmjs.org/@mongodb-js%2fzstd set size:undefined disposed:false
398 silly fetch manifest gcp-metadata@^7.0.1
399 silly packumentCache full:https://registry.npmjs.org/gcp-metadata cache-miss
400 http fetch GET 200 https://registry.npmjs.org/gcp-metadata 74ms (cache miss)
401 silly packumentCache full:https://registry.npmjs.org/gcp-metadata set size:undefined disposed:false
402 silly fetch manifest kerberos@^7.0.0
403 silly packumentCache full:https://registry.npmjs.org/kerberos cache-miss
404 http fetch GET 200 https://registry.npmjs.org/kerberos 85ms (cache miss)
405 silly packumentCache full:https://registry.npmjs.org/kerberos set size:undefined disposed:false
406 silly fetch manifest mongodb-client-encryption@>=7.0.0 <7.1.0
407 silly packumentCache full:https://registry.npmjs.org/mongodb-client-encryption cache-miss
408 http fetch GET 200 https://registry.npmjs.org/mongodb-client-encryption 96ms (cache miss)
409 silly packumentCache full:https://registry.npmjs.org/mongodb-client-encryption set size:undefined disposed:false
410 silly fetch manifest snappy@^7.3.2
411 silly packumentCache full:https://registry.npmjs.org/snappy cache-miss
412 http fetch GET 200 https://registry.npmjs.org/snappy 62ms (cache miss)
413 silly packumentCache full:https://registry.npmjs.org/snappy set size:undefined disposed:false
414 silly fetch manifest socks@^2.8.6
415 silly packumentCache full:https://registry.npmjs.org/socks cache-miss
416 http fetch GET 200 https://registry.npmjs.org/socks 70ms (cache miss)
417 silly packumentCache full:https://registry.npmjs.org/socks set size:undefined disposed:false
418 silly placeDep ROOT kareem@3.0.0 OK for: mongoose@9.1.0 want: 3.0.0
419 silly placeDep ROOT mongodb@7.0.0 OK for: mongoose@9.1.0 want: ~7.0
420 silly placeDep ROOT mpath@0.9.0 OK for: mongoose@9.1.0 want: 0.9.0
421 silly placeDep ROOT mquery@6.0.0 OK for: mongoose@9.1.0 want: 6.0.0
422 silly placeDep ROOT sift@17.1.3 OK for: mongoose@9.1.0 want: 17.1.3
423 silly fetch manifest bson@^7.0.0
424 silly packumentCache full:https://registry.npmjs.org/bson cache-miss
425 silly fetch manifest @mongodb-js/saslprep@^1.3.0
426 silly packumentCache full:https://registry.npmjs.org/@mongodb-js%2fsaslprep cache-miss
427 silly fetch manifest mongodb-connection-string-url@^7.0.0
428 silly packumentCache full:https://registry.npmjs.org/mongodb-connection-string-url cache-miss
429 http fetch GET 200 https://registry.npmjs.org/bson 65ms (cache miss)
430 silly packumentCache full:https://registry.npmjs.org/bson set size:undefined disposed:false
431 http fetch GET 200 https://registry.npmjs.org/mongodb-connection-string-url 77ms (cache miss)
432 silly packumentCache full:https://registry.npmjs.org/mongodb-connection-string-url set size:undefined disposed:false
433 http fetch GET 200 https://registry.npmjs.org/@mongodb-js%2fsaslprep 1101ms (cache miss)
434 silly packumentCache full:https://registry.npmjs.org/@mongodb-js%2fsaslprep set size:undefined disposed:false
435 silly placeDep ROOT @mongodb-js/saslprep@1.4.4 OK for: mongodb@7.0.0 want: ^1.3.0
436 silly placeDep ROOT bson@7.0.0 OK for: mongodb@7.0.0 want: ^7.0.0
437 silly placeDep ROOT mongodb-connection-string-url@7.0.0 OK for: mongodb@7.0.0 want: ^7.0.0
438 silly fetch manifest sparse-bitfield@^3.0.3
439 silly packumentCache full:https://registry.npmjs.org/sparse-bitfield cache-miss
440 silly fetch manifest whatwg-url@^14.1.0
441 silly packumentCache full:https://registry.npmjs.org/whatwg-url cache-miss
442 silly fetch manifest @types/whatwg-url@^13.0.0
443 silly packumentCache full:https://registry.npmjs.org/@types%2fwhatwg-url cache-miss
444 http fetch GET 200 https://registry.npmjs.org/sparse-bitfield 60ms (cache miss)
445 silly packumentCache full:https://registry.npmjs.org/sparse-bitfield set size:undefined disposed:false
446 http fetch GET 200 https://registry.npmjs.org/@types%2fwhatwg-url 72ms (cache miss)
447 silly packumentCache full:https://registry.npmjs.org/@types%2fwhatwg-url set size:undefined disposed:false
448 http fetch GET 200 https://registry.npmjs.org/whatwg-url 87ms (cache miss)
449 silly packumentCache full:https://registry.npmjs.org/whatwg-url set size:undefined disposed:false
450 silly placeDep ROOT sparse-bitfield@3.0.3 OK for: @mongodb-js/saslprep@1.4.4 want: ^3.0.3
451 silly fetch manifest memory-pager@^1.0.2
452 silly packumentCache full:https://registry.npmjs.org/memory-pager cache-miss
453 http fetch GET 200 https://registry.npmjs.org/memory-pager 77ms (cache miss)
454 silly packumentCache full:https://registry.npmjs.org/memory-pager set size:undefined disposed:false
455 silly placeDep ROOT @types/whatwg-url@13.0.0 OK for: mongodb-connection-string-url@7.0.0 want: ^13.0.0
456 silly placeDep ROOT whatwg-url@14.2.0 OK for: mongodb-connection-string-url@7.0.0 want: ^14.1.0
457 silly fetch manifest @types/webidl-conversions@*
458 silly packumentCache full:https://registry.npmjs.org/@types%2fwebidl-conversions cache-miss
459 silly fetch manifest tr46@^5.1.0
460 silly packumentCache full:https://registry.npmjs.org/tr46 cache-miss
461 silly fetch manifest webidl-conversions@^7.0.0
462 silly packumentCache full:https://registry.npmjs.org/webidl-conversions cache-miss
463 http fetch GET 200 https://registry.npmjs.org/tr46 82ms (cache miss)
464 silly packumentCache full:https://registry.npmjs.org/tr46 set size:undefined disposed:false
465 http fetch GET 200 https://registry.npmjs.org/@types%2fwebidl-conversions 102ms (cache miss)
466 silly packumentCache full:https://registry.npmjs.org/@types%2fwebidl-conversions set size:undefined disposed:false
467 http fetch GET 200 https://registry.npmjs.org/webidl-conversions 348ms (cache miss)
468 silly packumentCache full:https://registry.npmjs.org/webidl-conversions set size:undefined disposed:false
469 silly placeDep ROOT @types/webidl-conversions@7.0.3 OK for: @types/whatwg-url@13.0.0 want: *
470 silly placeDep ROOT ee-first@1.1.1 OK for: on-finished@2.4.1 want: 1.1.1
471 silly placeDep ROOT wrappy@1.0.2 OK for: once@1.4.0 want: 1
472 silly placeDep ROOT forwarded@0.2.0 OK for: proxy-addr@2.0.7 want: 0.2.0
473 silly placeDep ROOT ipaddr.js@1.9.1 OK for: proxy-addr@2.0.7 want: 1.9.1
474 silly placeDep ROOT side-channel@1.1.0 OK for: qs@6.14.1 want: ^1.1.0
475 silly fetch manifest es-errors@^1.3.0
476 silly packumentCache full:https://registry.npmjs.org/es-errors cache-miss
477 silly fetch manifest object-inspect@^1.13.3
478 silly packumentCache full:https://registry.npmjs.org/object-inspect cache-miss
479 silly fetch manifest side-channel-list@^1.0.0
480 silly packumentCache full:https://registry.npmjs.org/side-channel-list cache-miss
481 silly fetch manifest side-channel-map@^1.0.1
482 silly packumentCache full:https://registry.npmjs.org/side-channel-map cache-miss
483 silly fetch manifest side-channel-weakmap@^1.0.2
484 silly packumentCache full:https://registry.npmjs.org/side-channel-weakmap cache-miss
485 http fetch GET 200 https://registry.npmjs.org/side-channel-map 75ms (cache miss)
486 silly packumentCache full:https://registry.npmjs.org/side-channel-map set size:undefined disposed:false
487 http fetch GET 200 https://registry.npmjs.org/es-errors 77ms (cache miss)
488 silly packumentCache full:https://registry.npmjs.org/es-errors set size:undefined disposed:false
489 http fetch GET 200 https://registry.npmjs.org/side-channel-weakmap 77ms (cache miss)
490 silly packumentCache full:https://registry.npmjs.org/side-channel-weakmap set size:undefined disposed:false
491 http fetch GET 200 https://registry.npmjs.org/object-inspect 84ms (cache miss)
492 silly packumentCache full:https://registry.npmjs.org/object-inspect set size:undefined disposed:false
493 http fetch GET 200 https://registry.npmjs.org/side-channel-list 326ms (cache miss)
494 silly packumentCache full:https://registry.npmjs.org/side-channel-list set size:undefined disposed:false
495 silly placeDep ROOT unpipe@1.0.0 OK for: raw-body@3.0.2 want: ~1.0.0
496 silly placeDep ROOT is-promise@4.0.0 OK for: router@2.2.0 want: ^4.0.0
497 silly placeDep ROOT path-to-regexp@8.3.0 OK for: router@2.2.0 want: ^8.0.0
498 silly placeDep ROOT es-errors@1.3.0 OK for: side-channel@1.1.0 want: ^1.3.0
499 silly placeDep ROOT object-inspect@1.13.4 OK for: side-channel@1.1.0 want: ^1.13.3
500 silly placeDep ROOT side-channel-list@1.0.0 OK for: side-channel@1.1.0 want: ^1.0.0
501 silly placeDep ROOT side-channel-map@1.0.1 OK for: side-channel@1.1.0 want: ^1.0.1
502 silly placeDep ROOT side-channel-weakmap@1.0.2 OK for: side-channel@1.1.0 want: ^1.0.2
503 silly fetch manifest call-bound@^1.0.2
504 silly packumentCache full:https://registry.npmjs.org/call-bound cache-miss
505 silly fetch manifest get-intrinsic@^1.2.5
506 silly packumentCache full:https://registry.npmjs.org/get-intrinsic cache-miss
507 silly fetch manifest call-bound@^1.0.2
508 silly packumentCache full:https://registry.npmjs.org/call-bound cache-miss
509 silly fetch manifest get-intrinsic@^1.2.5
510 silly packumentCache full:https://registry.npmjs.org/get-intrinsic cache-miss
511 http fetch GET 200 https://registry.npmjs.org/call-bound 81ms (cache miss)
512 silly packumentCache full:https://registry.npmjs.org/call-bound set size:undefined disposed:false
513 http fetch GET 200 https://registry.npmjs.org/get-intrinsic 82ms (cache miss)
514 silly packumentCache full:https://registry.npmjs.org/get-intrinsic set size:undefined disposed:false
515 http fetch GET 200 https://registry.npmjs.org/call-bound 84ms (cache miss)
516 silly packumentCache full:https://registry.npmjs.org/call-bound set size:undefined disposed:false
517 http fetch GET 200 https://registry.npmjs.org/get-intrinsic 84ms (cache miss)
518 silly packumentCache full:https://registry.npmjs.org/get-intrinsic set size:undefined disposed:false
519 silly placeDep ROOT call-bound@1.0.4 OK for: side-channel-map@1.0.1 want: ^1.0.2
520 silly placeDep ROOT get-intrinsic@1.3.0 OK for: side-channel-map@1.0.1 want: ^1.2.5
521 silly fetch manifest call-bind-apply-helpers@^1.0.2
522 silly packumentCache full:https://registry.npmjs.org/call-bind-apply-helpers cache-miss
523 silly fetch manifest get-intrinsic@^1.3.0
524 silly packumentCache full:https://registry.npmjs.org/get-intrinsic cache-miss
525 silly fetch manifest gopd@^1.2.0
526 silly packumentCache full:https://registry.npmjs.org/gopd cache-miss
527 silly fetch manifest hasown@^2.0.2
528 silly packumentCache full:https://registry.npmjs.org/hasown cache-miss
529 silly fetch manifest get-proto@^1.0.1
530 silly packumentCache full:https://registry.npmjs.org/get-proto cache-miss
531 silly fetch manifest has-symbols@^1.1.0
532 silly packumentCache full:https://registry.npmjs.org/has-symbols cache-miss
533 silly fetch manifest function-bind@^1.1.2
534 silly packumentCache full:https://registry.npmjs.org/function-bind cache-miss
535 http cache https://registry.npmjs.org/get-intrinsic 9ms (cache hit)
536 silly packumentCache full:https://registry.npmjs.org/get-intrinsic set size:60985 disposed:false
537 silly fetch manifest es-object-atoms@^1.1.1
538 silly packumentCache full:https://registry.npmjs.org/es-object-atoms cache-miss
539 http fetch GET 200 https://registry.npmjs.org/get-proto 60ms (cache miss)
540 silly packumentCache full:https://registry.npmjs.org/get-proto set size:undefined disposed:false
541 silly fetch manifest math-intrinsics@^1.1.0
542 silly packumentCache full:https://registry.npmjs.org/math-intrinsics cache-miss
543 http fetch GET 200 https://registry.npmjs.org/call-bind-apply-helpers 62ms (cache miss)
544 silly packumentCache full:https://registry.npmjs.org/call-bind-apply-helpers set size:undefined disposed:false
545 silly fetch manifest es-define-property@^1.0.1
546 silly packumentCache full:https://registry.npmjs.org/es-define-property cache-miss
547 http fetch GET 200 https://registry.npmjs.org/has-symbols 68ms (cache miss)
548 silly packumentCache full:https://registry.npmjs.org/has-symbols set size:undefined disposed:false
549 http fetch GET 200 https://registry.npmjs.org/gopd 72ms (cache miss)
550 silly packumentCache full:https://registry.npmjs.org/gopd set size:undefined disposed:false
551 http fetch GET 200 https://registry.npmjs.org/hasown 72ms (cache miss)
552 silly packumentCache full:https://registry.npmjs.org/hasown set size:undefined disposed:false
553 http fetch GET 200 https://registry.npmjs.org/function-bind 72ms (cache miss)
554 silly packumentCache full:https://registry.npmjs.org/function-bind set size:undefined disposed:false
555 http fetch GET 200 https://registry.npmjs.org/es-object-atoms 64ms (cache miss)
556 silly packumentCache full:https://registry.npmjs.org/es-object-atoms set size:undefined disposed:false
557 http fetch GET 200 https://registry.npmjs.org/math-intrinsics 67ms (cache miss)
558 silly packumentCache full:https://registry.npmjs.org/math-intrinsics set size:undefined disposed:false
559 http fetch GET 200 https://registry.npmjs.org/es-define-property 67ms (cache miss)
560 silly packumentCache full:https://registry.npmjs.org/es-define-property set size:undefined disposed:false
561 silly placeDep ROOT call-bind-apply-helpers@1.0.2 OK for: call-bound@1.0.4 want: ^1.0.2
562 silly placeDep ROOT function-bind@1.1.2 OK for: call-bind-apply-helpers@1.0.2 want: ^1.1.2
563 silly placeDep ROOT es-define-property@1.0.1 OK for: get-intrinsic@1.3.0 want: ^1.0.1
564 silly placeDep ROOT es-object-atoms@1.1.1 OK for: get-intrinsic@1.3.0 want: ^1.1.1
565 silly placeDep ROOT get-proto@1.0.1 OK for: get-intrinsic@1.3.0 want: ^1.0.1
566 silly placeDep ROOT gopd@1.2.0 OK for: get-intrinsic@1.3.0 want: ^1.2.0
567 silly placeDep ROOT has-symbols@1.1.0 OK for: get-intrinsic@1.3.0 want: ^1.1.0
568 silly placeDep ROOT hasown@2.0.2 OK for: get-intrinsic@1.3.0 want: ^2.0.2
569 silly placeDep ROOT math-intrinsics@1.1.0 OK for: get-intrinsic@1.3.0 want: ^1.1.0
570 silly fetch manifest dunder-proto@^1.0.1
571 silly packumentCache full:https://registry.npmjs.org/dunder-proto cache-miss
572 http fetch GET 200 https://registry.npmjs.org/dunder-proto 77ms (cache miss)
573 silly packumentCache full:https://registry.npmjs.org/dunder-proto set size:undefined disposed:false
574 silly placeDep ROOT dunder-proto@1.0.1 OK for: get-proto@1.0.1 want: ^1.0.1
575 silly placeDep ROOT memory-pager@1.5.0 OK for: sparse-bitfield@3.0.3 want: ^1.0.2
576 silly placeDep ROOT media-typer@1.1.0 OK for: type-is@2.0.1 want: ^1.1.0
577 silly placeDep ROOT tr46@5.1.1 OK for: whatwg-url@14.2.0 want: ^5.1.0
578 silly placeDep ROOT webidl-conversions@7.0.0 OK for: whatwg-url@14.2.0 want: ^7.0.0
579 silly fetch manifest punycode@^2.3.1
580 silly packumentCache full:https://registry.npmjs.org/punycode cache-miss
581 http fetch GET 200 https://registry.npmjs.org/punycode 81ms (cache miss)
582 silly packumentCache full:https://registry.npmjs.org/punycode set size:undefined disposed:false
583 silly placeDep ROOT punycode@2.3.1 OK for: tr46@5.1.1 want: ^2.3.1
584 silly reify moves {}
585 silly audit bulk request {
585 silly audit   bcrypt: [ '6.0.0' ],
585 silly audit   cors: [ '2.8.5' ],
585 silly audit   dotenv: [ '17.2.3' ],
585 silly audit   express: [ '5.2.1' ],
585 silly audit   jsonwebtoken: [ '9.0.3' ],
585 silly audit   mongoose: [ '9.1.0' ],
585 silly audit   'node-addon-api': [ '8.5.0' ],
585 silly audit   'node-gyp-build': [ '4.8.4' ],
585 silly audit   'object-assign': [ '4.1.1' ],
585 silly audit   vary: [ '1.1.2' ],
585 silly audit   accepts: [ '2.0.0' ],
585 silly audit   'body-parser': [ '2.2.1' ],
585 silly audit   'content-disposition': [ '1.0.1' ],
585 silly audit   'content-type': [ '1.0.5' ],
585 silly audit   cookie: [ '0.7.2' ],
585 silly audit   'cookie-signature': [ '1.2.2' ],
585 silly audit   debug: [ '4.4.3' ],
585 silly audit   depd: [ '2.0.0' ],
585 silly audit   encodeurl: [ '2.0.0' ],
585 silly audit   'escape-html': [ '1.0.3' ],
585 silly audit   etag: [ '1.8.1' ],
585 silly audit   finalhandler: [ '2.1.1' ],
585 silly audit   fresh: [ '2.0.0' ],
585 silly audit   'http-errors': [ '2.0.1' ],
585 silly audit   'merge-descriptors': [ '2.0.0' ],
585 silly audit   'mime-types': [ '3.0.2' ],
585 silly audit   'on-finished': [ '2.4.1' ],
585 silly audit   once: [ '1.4.0' ],
585 silly audit   parseurl: [ '1.3.3' ],
585 silly audit   'proxy-addr': [ '2.0.7' ],
585 silly audit   qs: [ '6.14.1' ],
585 silly audit   'range-parser': [ '1.2.1' ],
585 silly audit   router: [ '2.2.0' ],
585 silly audit   send: [ '1.2.1' ],
585 silly audit   'serve-static': [ '2.2.1' ],
585 silly audit   statuses: [ '2.0.2' ],
585 silly audit   'type-is': [ '2.0.1' ],
585 silly audit   negotiator: [ '1.0.0' ],
585 silly audit   bytes: [ '3.1.2' ],
585 silly audit   'iconv-lite': [ '0.7.1' ],
585 silly audit   'raw-body': [ '3.0.2' ],
585 silly audit   ms: [ '2.1.3' ],
585 silly audit   inherits: [ '2.0.4' ],
585 silly audit   setprototypeof: [ '1.2.0' ],
585 silly audit   toidentifier: [ '1.0.1' ],
585 silly audit   'safer-buffer': [ '2.1.2' ],
585 silly audit   jws: [ '4.0.1' ],
585 silly audit   'lodash.includes': [ '4.3.0' ],
585 silly audit   'lodash.isboolean': [ '3.0.3' ],
585 silly audit   'lodash.isinteger': [ '4.0.4' ],
585 silly audit   'lodash.isnumber': [ '3.0.3' ],
585 silly audit   'lodash.isplainobject': [ '4.0.6' ],
585 silly audit   'lodash.isstring': [ '4.0.1' ],
585 silly audit   'lodash.once': [ '4.1.1' ],
585 silly audit   semver: [ '7.7.3' ],
585 silly audit   jwa: [ '2.0.1' ],
585 silly audit   'safe-buffer': [ '5.2.1' ],
585 silly audit   'buffer-equal-constant-time': [ '1.0.1' ],
585 silly audit   'ecdsa-sig-formatter': [ '1.0.11' ],
585 silly audit   'mime-db': [ '1.54.0' ],
585 silly audit   kareem: [ '3.0.0' ],
585 silly audit   mongodb: [ '7.0.0' ],
585 silly audit   mpath: [ '0.9.0' ],
585 silly audit   mquery: [ '6.0.0' ],
585 silly audit   sift: [ '17.1.3' ],
585 silly audit   '@mongodb-js/saslprep': [ '1.4.4' ],
585 silly audit   bson: [ '7.0.0' ],
585 silly audit   'mongodb-connection-string-url': [ '7.0.0' ],
585 silly audit   'sparse-bitfield': [ '3.0.3' ],
585 silly audit   '@types/whatwg-url': [ '13.0.0' ],
585 silly audit   'whatwg-url': [ '14.2.0' ],
585 silly audit   '@types/webidl-conversions': [ '7.0.3' ],
585 silly audit   'ee-first': [ '1.1.1' ],
585 silly audit   wrappy: [ '1.0.2' ],
585 silly audit   forwarded: [ '0.2.0' ],
585 silly audit   'ipaddr.js': [ '1.9.1' ],
585 silly audit   'side-channel': [ '1.1.0' ],
585 silly audit   unpipe: [ '1.0.0' ],
585 silly audit   'is-promise': [ '4.0.0' ],
585 silly audit   'path-to-regexp': [ '8.3.0' ],
585 silly audit   'es-errors': [ '1.3.0' ],
585 silly audit   'object-inspect': [ '1.13.4' ],
585 silly audit   'side-channel-list': [ '1.0.0' ],
585 silly audit   'side-channel-map': [ '1.0.1' ],
585 silly audit   'side-channel-weakmap': [ '1.0.2' ],
585 silly audit   'call-bound': [ '1.0.4' ],
585 silly audit   'get-intrinsic': [ '1.3.0' ],
585 silly audit   'call-bind-apply-helpers': [ '1.0.2' ],
585 silly audit   'function-bind': [ '1.1.2' ],
585 silly audit   'es-define-property': [ '1.0.1' ],
585 silly audit   'es-object-atoms': [ '1.1.1' ],
585 silly audit   'get-proto': [ '1.0.1' ],
585 silly audit   gopd: [ '1.2.0' ],
585 silly audit   'has-symbols': [ '1.1.0' ],
585 silly audit   hasown: [ '2.0.2' ],
585 silly audit   'math-intrinsics': [ '1.1.0' ],
585 silly audit   'dunder-proto': [ '1.0.1' ],
585 silly audit   'memory-pager': [ '1.5.0' ],
585 silly audit   'media-typer': [ '1.1.0' ],
585 silly audit   tr46: [ '5.1.1' ],
585 silly audit   'webidl-conversions': [ '7.0.0' ],
585 silly audit   punycode: [ '2.3.1' ]
585 silly audit }
586 http cache punycode@https://registry.npmjs.org/punycode/-/punycode-2.3.1.tgz 0ms (cache hit)
587 http cache webidl-conversions@https://registry.npmjs.org/webidl-conversions/-/webidl-conversions-7.0.0.tgz 0ms (cache hit)
588 http cache tr46@https://registry.npmjs.org/tr46/-/tr46-5.1.1.tgz 0ms (cache hit)
589 http cache memory-pager@https://registry.npmjs.org/memory-pager/-/memory-pager-1.5.0.tgz 0ms (cache hit)
590 http cache dunder-proto@https://registry.npmjs.org/dunder-proto/-/dunder-proto-1.0.1.tgz 0ms (cache hit)
591 http cache hasown@https://registry.npmjs.org/hasown/-/hasown-2.0.2.tgz 0ms (cache hit)
592 http cache math-intrinsics@https://registry.npmjs.org/math-intrinsics/-/math-intrinsics-1.1.0.tgz 0ms (cache hit)
593 http cache media-typer@https://registry.npmjs.org/media-typer/-/media-typer-1.1.0.tgz 0ms (cache hit)
594 http cache has-symbols@https://registry.npmjs.org/has-symbols/-/has-symbols-1.1.0.tgz 0ms (cache hit)
595 http cache gopd@https://registry.npmjs.org/gopd/-/gopd-1.2.0.tgz 0ms (cache hit)
596 http cache get-proto@https://registry.npmjs.org/get-proto/-/get-proto-1.0.1.tgz 0ms (cache hit)
597 http cache es-object-atoms@https://registry.npmjs.org/es-object-atoms/-/es-object-atoms-1.1.1.tgz 0ms (cache hit)
598 http cache es-define-property@https://registry.npmjs.org/es-define-property/-/es-define-property-1.0.1.tgz 0ms (cache hit)
599 http cache function-bind@https://registry.npmjs.org/function-bind/-/function-bind-1.1.2.tgz 0ms (cache hit)
600 http cache call-bind-apply-helpers@https://registry.npmjs.org/call-bind-apply-helpers/-/call-bind-apply-helpers-1.0.2.tgz 0ms (cache hit)
601 http cache get-intrinsic@https://registry.npmjs.org/get-intrinsic/-/get-intrinsic-1.3.0.tgz 0ms (cache hit)
602 http cache call-bound@https://registry.npmjs.org/call-bound/-/call-bound-1.0.4.tgz 0ms (cache hit)
603 http cache side-channel-weakmap@https://registry.npmjs.org/side-channel-weakmap/-/side-channel-weakmap-1.0.2.tgz 0ms (cache hit)
604 http cache side-channel-map@https://registry.npmjs.org/side-channel-map/-/side-channel-map-1.0.1.tgz 0ms (cache hit)
605 http cache object-inspect@https://registry.npmjs.org/object-inspect/-/object-inspect-1.13.4.tgz 0ms (cache hit)
606 http cache side-channel-list@https://registry.npmjs.org/side-channel-list/-/side-channel-list-1.0.0.tgz 0ms (cache hit)
607 http cache es-errors@https://registry.npmjs.org/es-errors/-/es-errors-1.3.0.tgz 0ms (cache hit)
608 http cache path-to-regexp@https://registry.npmjs.org/path-to-regexp/-/path-to-regexp-8.3.0.tgz 0ms (cache hit)
609 http cache is-promise@https://registry.npmjs.org/is-promise/-/is-promise-4.0.0.tgz 0ms (cache hit)
610 http cache unpipe@https://registry.npmjs.org/unpipe/-/unpipe-1.0.0.tgz 0ms (cache hit)
611 http cache side-channel@https://registry.npmjs.org/side-channel/-/side-channel-1.1.0.tgz 0ms (cache hit)
612 http cache ipaddr.js@https://registry.npmjs.org/ipaddr.js/-/ipaddr.js-1.9.1.tgz 0ms (cache hit)
613 http cache forwarded@https://registry.npmjs.org/forwarded/-/forwarded-0.2.0.tgz 0ms (cache hit)
614 http cache wrappy@https://registry.npmjs.org/wrappy/-/wrappy-1.0.2.tgz 0ms (cache hit)
615 http cache @types/webidl-conversions@https://registry.npmjs.org/@types/webidl-conversions/-/webidl-conversions-7.0.3.tgz 0ms (cache hit)
616 http cache whatwg-url@https://registry.npmjs.org/whatwg-url/-/whatwg-url-14.2.0.tgz 0ms (cache hit)
617 http cache ee-first@https://registry.npmjs.org/ee-first/-/ee-first-1.1.1.tgz 0ms (cache hit)
618 http cache sparse-bitfield@https://registry.npmjs.org/sparse-bitfield/-/sparse-bitfield-3.0.3.tgz 0ms (cache hit)
619 http cache bson@https://registry.npmjs.org/bson/-/bson-7.0.0.tgz 0ms (cache hit)
620 http cache mongodb-connection-string-url@https://registry.npmjs.org/mongodb-connection-string-url/-/mongodb-connection-string-url-7.0.0.tgz 0ms (cache hit)
621 http cache @mongodb-js/saslprep@https://registry.npmjs.org/@mongodb-js/saslprep/-/saslprep-1.4.4.tgz 0ms (cache hit)
622 http cache sift@https://registry.npmjs.org/sift/-/sift-17.1.3.tgz 0ms (cache hit)
623 http cache mquery@https://registry.npmjs.org/mquery/-/mquery-6.0.0.tgz 0ms (cache hit)
624 http cache mpath@https://registry.npmjs.org/mpath/-/mpath-0.9.0.tgz 0ms (cache hit)
625 http cache mongodb@https://registry.npmjs.org/mongodb/-/mongodb-7.0.0.tgz 0ms (cache hit)
626 http cache kareem@https://registry.npmjs.org/kareem/-/kareem-3.0.0.tgz 0ms (cache hit)
627 http cache ecdsa-sig-formatter@https://registry.npmjs.org/ecdsa-sig-formatter/-/ecdsa-sig-formatter-1.0.11.tgz 0ms (cache hit)
628 http cache mime-db@https://registry.npmjs.org/mime-db/-/mime-db-1.54.0.tgz 0ms (cache hit)
629 http cache buffer-equal-constant-time@https://registry.npmjs.org/buffer-equal-constant-time/-/buffer-equal-constant-time-1.0.1.tgz 0ms (cache hit)
630 http cache safe-buffer@https://registry.npmjs.org/safe-buffer/-/safe-buffer-5.2.1.tgz 0ms (cache hit)
631 http cache jwa@https://registry.npmjs.org/jwa/-/jwa-2.0.1.tgz 0ms (cache hit)
632 http cache semver@https://registry.npmjs.org/semver/-/semver-7.7.3.tgz 0ms (cache hit)
633 http cache lodash.once@https://registry.npmjs.org/lodash.once/-/lodash.once-4.1.1.tgz 0ms (cache hit)
634 http cache lodash.isstring@https://registry.npmjs.org/lodash.isstring/-/lodash.isstring-4.0.1.tgz 0ms (cache hit)
635 http cache lodash.isnumber@https://registry.npmjs.org/lodash.isnumber/-/lodash.isnumber-3.0.3.tgz 0ms (cache hit)
636 http cache lodash.isinteger@https://registry.npmjs.org/lodash.isinteger/-/lodash.isinteger-4.0.4.tgz 0ms (cache hit)
637 http cache lodash.isboolean@https://registry.npmjs.org/lodash.isboolean/-/lodash.isboolean-3.0.3.tgz 0ms (cache hit)
638 http cache lodash.includes@https://registry.npmjs.org/lodash.includes/-/lodash.includes-4.3.0.tgz 0ms (cache hit)
639 http cache jws@https://registry.npmjs.org/jws/-/jws-4.0.1.tgz 0ms (cache hit)
640 http cache lodash.isplainobject@https://registry.npmjs.org/lodash.isplainobject/-/lodash.isplainobject-4.0.6.tgz 0ms (cache hit)
641 http cache safer-buffer@https://registry.npmjs.org/safer-buffer/-/safer-buffer-2.1.2.tgz 0ms (cache hit)
642 http cache toidentifier@https://registry.npmjs.org/toidentifier/-/toidentifier-1.0.1.tgz 0ms (cache hit)
643 http cache setprototypeof@https://registry.npmjs.org/setprototypeof/-/setprototypeof-1.2.0.tgz 0ms (cache hit)
644 http cache inherits@https://registry.npmjs.org/inherits/-/inherits-2.0.4.tgz 0ms (cache hit)
645 http cache ms@https://registry.npmjs.org/ms/-/ms-2.1.3.tgz 0ms (cache hit)
646 http cache iconv-lite@https://registry.npmjs.org/iconv-lite/-/iconv-lite-0.7.1.tgz 0ms (cache hit)
647 http cache raw-body@https://registry.npmjs.org/raw-body/-/raw-body-3.0.2.tgz 0ms (cache hit)
648 http cache bytes@https://registry.npmjs.org/bytes/-/bytes-3.1.2.tgz 0ms (cache hit)
649 http cache negotiator@https://registry.npmjs.org/negotiator/-/negotiator-1.0.0.tgz 0ms (cache hit)
650 http cache type-is@https://registry.npmjs.org/type-is/-/type-is-2.0.1.tgz 0ms (cache hit)
651 http cache statuses@https://registry.npmjs.org/statuses/-/statuses-2.0.2.tgz 0ms (cache hit)
652 http cache @types/whatwg-url@https://registry.npmjs.org/@types/whatwg-url/-/whatwg-url-13.0.0.tgz 0ms (cache hit)
653 http cache serve-static@https://registry.npmjs.org/serve-static/-/serve-static-2.2.1.tgz 0ms (cache hit)
654 http cache router@https://registry.npmjs.org/router/-/router-2.2.0.tgz 0ms (cache hit)
655 http cache qs@https://registry.npmjs.org/qs/-/qs-6.14.1.tgz 0ms (cache hit)
656 http cache proxy-addr@https://registry.npmjs.org/proxy-addr/-/proxy-addr-2.0.7.tgz 0ms (cache hit)
657 http cache parseurl@https://registry.npmjs.org/parseurl/-/parseurl-1.3.3.tgz 0ms (cache hit)
658 http cache send@https://registry.npmjs.org/send/-/send-1.2.1.tgz 0ms (cache hit)
659 http cache once@https://registry.npmjs.org/once/-/once-1.4.0.tgz 0ms (cache hit)
660 http cache on-finished@https://registry.npmjs.org/on-finished/-/on-finished-2.4.1.tgz 0ms (cache hit)
661 http cache mime-types@https://registry.npmjs.org/mime-types/-/mime-types-3.0.2.tgz 0ms (cache hit)
662 http cache range-parser@https://registry.npmjs.org/range-parser/-/range-parser-1.2.1.tgz 0ms (cache hit)
663 http cache merge-descriptors@https://registry.npmjs.org/merge-descriptors/-/merge-descriptors-2.0.0.tgz 0ms (cache hit)
664 http cache http-errors@https://registry.npmjs.org/http-errors/-/http-errors-2.0.1.tgz 0ms (cache hit)
665 http cache fresh@https://registry.npmjs.org/fresh/-/fresh-2.0.0.tgz 0ms (cache hit)
666 http cache etag@https://registry.npmjs.org/etag/-/etag-1.8.1.tgz 0ms (cache hit)
667 http cache escape-html@https://registry.npmjs.org/escape-html/-/escape-html-1.0.3.tgz 0ms (cache hit)
668 http cache encodeurl@https://registry.npmjs.org/encodeurl/-/encodeurl-2.0.0.tgz 0ms (cache hit)
669 http cache depd@https://registry.npmjs.org/depd/-/depd-2.0.0.tgz 0ms (cache hit)
670 http cache debug@https://registry.npmjs.org/debug/-/debug-4.4.3.tgz 0ms (cache hit)
671 http cache cookie-signature@https://registry.npmjs.org/cookie-signature/-/cookie-signature-1.2.2.tgz 0ms (cache hit)
672 http cache cookie@https://registry.npmjs.org/cookie/-/cookie-0.7.2.tgz 0ms (cache hit)
673 http cache content-type@https://registry.npmjs.org/content-type/-/content-type-1.0.5.tgz 0ms (cache hit)
674 http cache content-disposition@https://registry.npmjs.org/content-disposition/-/content-disposition-1.0.1.tgz 0ms (cache hit)
675 http cache body-parser@https://registry.npmjs.org/body-parser/-/body-parser-2.2.1.tgz 0ms (cache hit)
676 http cache accepts@https://registry.npmjs.org/accepts/-/accepts-2.0.0.tgz 0ms (cache hit)
677 http cache vary@https://registry.npmjs.org/vary/-/vary-1.1.2.tgz 0ms (cache hit)
678 http cache node-gyp-build@https://registry.npmjs.org/node-gyp-build/-/node-gyp-build-4.8.4.tgz 0ms (cache hit)
679 http cache finalhandler@https://registry.npmjs.org/finalhandler/-/finalhandler-2.1.1.tgz 0ms (cache hit)
680 http cache object-assign@https://registry.npmjs.org/object-assign/-/object-assign-4.1.1.tgz 0ms (cache hit)
681 http cache mongoose@https://registry.npmjs.org/mongoose/-/mongoose-9.1.0.tgz 0ms (cache hit)
682 http cache node-addon-api@https://registry.npmjs.org/node-addon-api/-/node-addon-api-8.5.0.tgz 0ms (cache hit)
683 http cache express@https://registry.npmjs.org/express/-/express-5.2.1.tgz 0ms (cache hit)
684 http cache dotenv@https://registry.npmjs.org/dotenv/-/dotenv-17.2.3.tgz 0ms (cache hit)
685 http cache cors@https://registry.npmjs.org/cors/-/cors-2.8.5.tgz 0ms (cache hit)
686 http cache bcrypt@https://registry.npmjs.org/bcrypt/-/bcrypt-6.0.0.tgz 0ms (cache hit)
687 http cache jsonwebtoken@https://registry.npmjs.org/jsonwebtoken/-/jsonwebtoken-9.0.3.tgz 0ms (cache hit)
688 silly tarball no local data for punycode@https://registry.npmjs.org/punycode/-/punycode-2.3.1.tgz. Extracting by manifest.
689 silly tarball no local data for webidl-conversions@https://registry.npmjs.org/webidl-conversions/-/webidl-conversions-7.0.0.tgz. Extracting by manifest.
690 silly tarball no local data for tr46@https://registry.npmjs.org/tr46/-/tr46-5.1.1.tgz. Extracting by manifest.
691 silly tarball no local data for memory-pager@https://registry.npmjs.org/memory-pager/-/memory-pager-1.5.0.tgz. Extracting by manifest.
692 silly tarball no local data for dunder-proto@https://registry.npmjs.org/dunder-proto/-/dunder-proto-1.0.1.tgz. Extracting by manifest.
693 silly tarball no local data for hasown@https://registry.npmjs.org/hasown/-/hasown-2.0.2.tgz. Extracting by manifest.
694 silly tarball no local data for math-intrinsics@https://registry.npmjs.org/math-intrinsics/-/math-intrinsics-1.1.0.tgz. Extracting by manifest.
695 silly tarball no local data for media-typer@https://registry.npmjs.org/media-typer/-/media-typer-1.1.0.tgz. Extracting by manifest.
696 silly tarball no local data for has-symbols@https://registry.npmjs.org/has-symbols/-/has-symbols-1.1.0.tgz. Extracting by manifest.
697 silly tarball no local data for gopd@https://registry.npmjs.org/gopd/-/gopd-1.2.0.tgz. Extracting by manifest.
698 silly tarball no local data for get-proto@https://registry.npmjs.org/get-proto/-/get-proto-1.0.1.tgz. Extracting by manifest.
699 silly tarball no local data for es-object-atoms@https://registry.npmjs.org/es-object-atoms/-/es-object-atoms-1.1.1.tgz. Extracting by manifest.
700 silly tarball no local data for es-define-property@https://registry.npmjs.org/es-define-property/-/es-define-property-1.0.1.tgz. Extracting by manifest.
701 silly tarball no local data for function-bind@https://registry.npmjs.org/function-bind/-/function-bind-1.1.2.tgz. Extracting by manifest.
702 silly tarball no local data for call-bind-apply-helpers@https://registry.npmjs.org/call-bind-apply-helpers/-/call-bind-apply-helpers-1.0.2.tgz. Extracting by manifest.
703 silly tarball no local data for get-intrinsic@https://registry.npmjs.org/get-intrinsic/-/get-intrinsic-1.3.0.tgz. Extracting by manifest.
704 silly tarball no local data for call-bound@https://registry.npmjs.org/call-bound/-/call-bound-1.0.4.tgz. Extracting by manifest.
705 silly tarball no local data for side-channel-weakmap@https://registry.npmjs.org/side-channel-weakmap/-/side-channel-weakmap-1.0.2.tgz. Extracting by manifest.
706 silly tarball no local data for side-channel-map@https://registry.npmjs.org/side-channel-map/-/side-channel-map-1.0.1.tgz. Extracting by manifest.
707 silly tarball no local data for object-inspect@https://registry.npmjs.org/object-inspect/-/object-inspect-1.13.4.tgz. Extracting by manifest.
708 silly tarball no local data for side-channel-list@https://registry.npmjs.org/side-channel-list/-/side-channel-list-1.0.0.tgz. Extracting by manifest.
709 silly tarball no local data for es-errors@https://registry.npmjs.org/es-errors/-/es-errors-1.3.0.tgz. Extracting by manifest.
710 silly tarball no local data for path-to-regexp@https://registry.npmjs.org/path-to-regexp/-/path-to-regexp-8.3.0.tgz. Extracting by manifest.
711 silly tarball no local data for is-promise@https://registry.npmjs.org/is-promise/-/is-promise-4.0.0.tgz. Extracting by manifest.
712 silly tarball no local data for unpipe@https://registry.npmjs.org/unpipe/-/unpipe-1.0.0.tgz. Extracting by manifest.
713 silly tarball no local data for side-channel@https://registry.npmjs.org/side-channel/-/side-channel-1.1.0.tgz. Extracting by manifest.
714 silly tarball no local data for ipaddr.js@https://registry.npmjs.org/ipaddr.js/-/ipaddr.js-1.9.1.tgz. Extracting by manifest.
715 silly tarball no local data for forwarded@https://registry.npmjs.org/forwarded/-/forwarded-0.2.0.tgz. Extracting by manifest.
716 silly tarball no local data for wrappy@https://registry.npmjs.org/wrappy/-/wrappy-1.0.2.tgz. Extracting by manifest.
717 silly tarball no local data for @types/webidl-conversions@https://registry.npmjs.org/@types/webidl-conversions/-/webidl-conversions-7.0.3.tgz. Extracting by manifest.
718 silly tarball no local data for whatwg-url@https://registry.npmjs.org/whatwg-url/-/whatwg-url-14.2.0.tgz. Extracting by manifest.
719 silly tarball no local data for ee-first@https://registry.npmjs.org/ee-first/-/ee-first-1.1.1.tgz. Extracting by manifest.
720 silly tarball no local data for sparse-bitfield@https://registry.npmjs.org/sparse-bitfield/-/sparse-bitfield-3.0.3.tgz. Extracting by manifest.
721 silly tarball no local data for bson@https://registry.npmjs.org/bson/-/bson-7.0.0.tgz. Extracting by manifest.
722 silly tarball no local data for mongodb-connection-string-url@https://registry.npmjs.org/mongodb-connection-string-url/-/mongodb-connection-string-url-7.0.0.tgz. Extracting by manifest.
723 silly tarball no local data for @mongodb-js/saslprep@https://registry.npmjs.org/@mongodb-js/saslprep/-/saslprep-1.4.4.tgz. Extracting by manifest.
724 silly tarball no local data for sift@https://registry.npmjs.org/sift/-/sift-17.1.3.tgz. Extracting by manifest.
725 silly tarball no local data for mquery@https://registry.npmjs.org/mquery/-/mquery-6.0.0.tgz. Extracting by manifest.
726 silly tarball no local data for mpath@https://registry.npmjs.org/mpath/-/mpath-0.9.0.tgz. Extracting by manifest.
727 silly tarball no local data for mongodb@https://registry.npmjs.org/mongodb/-/mongodb-7.0.0.tgz. Extracting by manifest.
728 silly tarball no local data for kareem@https://registry.npmjs.org/kareem/-/kareem-3.0.0.tgz. Extracting by manifest.
729 silly tarball no local data for ecdsa-sig-formatter@https://registry.npmjs.org/ecdsa-sig-formatter/-/ecdsa-sig-formatter-1.0.11.tgz. Extracting by manifest.
730 silly tarball no local data for mime-db@https://registry.npmjs.org/mime-db/-/mime-db-1.54.0.tgz. Extracting by manifest.
731 silly tarball no local data for buffer-equal-constant-time@https://registry.npmjs.org/buffer-equal-constant-time/-/buffer-equal-constant-time-1.0.1.tgz. Extracting by manifest.
732 silly tarball no local data for safe-buffer@https://registry.npmjs.org/safe-buffer/-/safe-buffer-5.2.1.tgz. Extracting by manifest.
733 silly tarball no local data for jwa@https://registry.npmjs.org/jwa/-/jwa-2.0.1.tgz. Extracting by manifest.
734 silly tarball no local data for semver@https://registry.npmjs.org/semver/-/semver-7.7.3.tgz. Extracting by manifest.
735 silly tarball no local data for lodash.once@https://registry.npmjs.org/lodash.once/-/lodash.once-4.1.1.tgz. Extracting by manifest.
736 silly tarball no local data for lodash.isstring@https://registry.npmjs.org/lodash.isstring/-/lodash.isstring-4.0.1.tgz. Extracting by manifest.
737 silly tarball no local data for lodash.isnumber@https://registry.npmjs.org/lodash.isnumber/-/lodash.isnumber-3.0.3.tgz. Extracting by manifest.
738 silly tarball no local data for lodash.isinteger@https://registry.npmjs.org/lodash.isinteger/-/lodash.isinteger-4.0.4.tgz. Extracting by manifest.
739 silly tarball no local data for lodash.isboolean@https://registry.npmjs.org/lodash.isboolean/-/lodash.isboolean-3.0.3.tgz. Extracting by manifest.
740 silly tarball no local data for lodash.includes@https://registry.npmjs.org/lodash.includes/-/lodash.includes-4.3.0.tgz. Extracting by manifest.
741 silly tarball no local data for jws@https://registry.npmjs.org/jws/-/jws-4.0.1.tgz. Extracting by manifest.
742 silly tarball no local data for lodash.isplainobject@https://registry.npmjs.org/lodash.isplainobject/-/lodash.isplainobject-4.0.6.tgz. Extracting by manifest.
743 silly tarball no local data for safer-buffer@https://registry.npmjs.org/safer-buffer/-/safer-buffer-2.1.2.tgz. Extracting by manifest.
744 silly tarball no local data for toidentifier@https://registry.npmjs.org/toidentifier/-/toidentifier-1.0.1.tgz. Extracting by manifest.
745 silly tarball no local data for setprototypeof@https://registry.npmjs.org/setprototypeof/-/setprototypeof-1.2.0.tgz. Extracting by manifest.
746 silly tarball no local data for inherits@https://registry.npmjs.org/inherits/-/inherits-2.0.4.tgz. Extracting by manifest.
747 silly tarball no local data for ms@https://registry.npmjs.org/ms/-/ms-2.1.3.tgz. Extracting by manifest.
748 silly tarball no local data for iconv-lite@https://registry.npmjs.org/iconv-lite/-/iconv-lite-0.7.1.tgz. Extracting by manifest.
749 silly tarball no local data for raw-body@https://registry.npmjs.org/raw-body/-/raw-body-3.0.2.tgz. Extracting by manifest.
750 silly tarball no local data for bytes@https://registry.npmjs.org/bytes/-/bytes-3.1.2.tgz. Extracting by manifest.
751 silly tarball no local data for negotiator@https://registry.npmjs.org/negotiator/-/negotiator-1.0.0.tgz. Extracting by manifest.
752 silly tarball no local data for type-is@https://registry.npmjs.org/type-is/-/type-is-2.0.1.tgz. Extracting by manifest.
753 silly tarball no local data for statuses@https://registry.npmjs.org/statuses/-/statuses-2.0.2.tgz. Extracting by manifest.
754 silly tarball no local data for @types/whatwg-url@https://registry.npmjs.org/@types/whatwg-url/-/whatwg-url-13.0.0.tgz. Extracting by manifest.
755 silly tarball no local data for serve-static@https://registry.npmjs.org/serve-static/-/serve-static-2.2.1.tgz. Extracting by manifest.
756 silly tarball no local data for router@https://registry.npmjs.org/router/-/router-2.2.0.tgz. Extracting by manifest.
757 silly tarball no local data for qs@https://registry.npmjs.org/qs/-/qs-6.14.1.tgz. Extracting by manifest.
758 silly tarball no local data for proxy-addr@https://registry.npmjs.org/proxy-addr/-/proxy-addr-2.0.7.tgz. Extracting by manifest.
759 silly tarball no local data for parseurl@https://registry.npmjs.org/parseurl/-/parseurl-1.3.3.tgz. Extracting by manifest.
760 silly tarball no local data for send@https://registry.npmjs.org/send/-/send-1.2.1.tgz. Extracting by manifest.
761 silly tarball no local data for once@https://registry.npmjs.org/once/-/once-1.4.0.tgz. Extracting by manifest.
762 silly tarball no local data for on-finished@https://registry.npmjs.org/on-finished/-/on-finished-2.4.1.tgz. Extracting by manifest.
763 silly tarball no local data for mime-types@https://registry.npmjs.org/mime-types/-/mime-types-3.0.2.tgz. Extracting by manifest.
764 silly tarball no local data for range-parser@https://registry.npmjs.org/range-parser/-/range-parser-1.2.1.tgz. Extracting by manifest.
765 silly tarball no local data for merge-descriptors@https://registry.npmjs.org/merge-descriptors/-/merge-descriptors-2.0.0.tgz. Extracting by manifest.
766 silly tarball no local data for http-errors@https://registry.npmjs.org/http-errors/-/http-errors-2.0.1.tgz. Extracting by manifest.
767 silly tarball no local data for fresh@https://registry.npmjs.org/fresh/-/fresh-2.0.0.tgz. Extracting by manifest.
768 silly tarball no local data for etag@https://registry.npmjs.org/etag/-/etag-1.8.1.tgz. Extracting by manifest.
769 silly tarball no local data for escape-html@https://registry.npmjs.org/escape-html/-/escape-html-1.0.3.tgz. Extracting by manifest.
770 silly tarball no local data for encodeurl@https://registry.npmjs.org/encodeurl/-/encodeurl-2.0.0.tgz. Extracting by manifest.
771 silly tarball no local data for depd@https://registry.npmjs.org/depd/-/depd-2.0.0.tgz. Extracting by manifest.
772 silly tarball no local data for debug@https://registry.npmjs.org/debug/-/debug-4.4.3.tgz. Extracting by manifest.
773 silly tarball no local data for cookie-signature@https://registry.npmjs.org/cookie-signature/-/cookie-signature-1.2.2.tgz. Extracting by manifest.
774 silly tarball no local data for cookie@https://registry.npmjs.org/cookie/-/cookie-0.7.2.tgz. Extracting by manifest.
775 silly tarball no local data for content-type@https://registry.npmjs.org/content-type/-/content-type-1.0.5.tgz. Extracting by manifest.
776 silly tarball no local data for content-disposition@https://registry.npmjs.org/content-disposition/-/content-disposition-1.0.1.tgz. Extracting by manifest.
777 silly tarball no local data for body-parser@https://registry.npmjs.org/body-parser/-/body-parser-2.2.1.tgz. Extracting by manifest.
778 silly tarball no local data for accepts@https://registry.npmjs.org/accepts/-/accepts-2.0.0.tgz. Extracting by manifest.
779 silly tarball no local data for vary@https://registry.npmjs.org/vary/-/vary-1.1.2.tgz. Extracting by manifest.
780 silly tarball no local data for node-gyp-build@https://registry.npmjs.org/node-gyp-build/-/node-gyp-build-4.8.4.tgz. Extracting by manifest.
781 silly tarball no local data for finalhandler@https://registry.npmjs.org/finalhandler/-/finalhandler-2.1.1.tgz. Extracting by manifest.
782 silly tarball no local data for object-assign@https://registry.npmjs.org/object-assign/-/object-assign-4.1.1.tgz. Extracting by manifest.
783 silly tarball no local data for mongoose@https://registry.npmjs.org/mongoose/-/mongoose-9.1.0.tgz. Extracting by manifest.
784 silly tarball no local data for node-addon-api@https://registry.npmjs.org/node-addon-api/-/node-addon-api-8.5.0.tgz. Extracting by manifest.
785 silly tarball no local data for express@https://registry.npmjs.org/express/-/express-5.2.1.tgz. Extracting by manifest.
786 silly tarball no local data for dotenv@https://registry.npmjs.org/dotenv/-/dotenv-17.2.3.tgz. Extracting by manifest.
787 silly tarball no local data for cors@https://registry.npmjs.org/cors/-/cors-2.8.5.tgz. Extracting by manifest.
788 silly tarball no local data for bcrypt@https://registry.npmjs.org/bcrypt/-/bcrypt-6.0.0.tgz. Extracting by manifest.
789 silly tarball no local data for jsonwebtoken@https://registry.npmjs.org/jsonwebtoken/-/jsonwebtoken-9.0.3.tgz. Extracting by manifest.
790 http fetch GET 200 https://registry.npmjs.org/dunder-proto/-/dunder-proto-1.0.1.tgz 93ms (cache miss)
791 http fetch GET 200 https://registry.npmjs.org/punycode/-/punycode-2.3.1.tgz 94ms (cache miss)
792 http fetch GET 200 https://registry.npmjs.org/hasown/-/hasown-2.0.2.tgz 94ms (cache miss)
793 http fetch GET 200 https://registry.npmjs.org/webidl-conversions/-/webidl-conversions-7.0.0.tgz 95ms (cache miss)
794 http fetch GET 200 https://registry.npmjs.org/memory-pager/-/memory-pager-1.5.0.tgz 95ms (cache miss)
795 http fetch GET 200 https://registry.npmjs.org/tr46/-/tr46-5.1.1.tgz 95ms (cache miss)
796 http fetch GET 200 https://registry.npmjs.org/get-intrinsic/-/get-intrinsic-1.3.0.tgz 129ms (cache miss)
797 http fetch GET 200 https://registry.npmjs.org/call-bind-apply-helpers/-/call-bind-apply-helpers-1.0.2.tgz 130ms (cache miss)
798 http fetch GET 200 https://registry.npmjs.org/side-channel-map/-/side-channel-map-1.0.1.tgz 133ms (cache miss)
799 http fetch GET 200 https://registry.npmjs.org/call-bound/-/call-bound-1.0.4.tgz 133ms (cache miss)
800 http fetch GET 200 https://registry.npmjs.org/object-inspect/-/object-inspect-1.13.4.tgz 146ms (cache miss)
801 http fetch GET 200 https://registry.npmjs.org/side-channel-weakmap/-/side-channel-weakmap-1.0.2.tgz 148ms (cache miss)
802 http fetch GET 200 https://registry.npmjs.org/media-typer/-/media-typer-1.1.0.tgz 164ms (cache miss)
803 http fetch GET 200 https://registry.npmjs.org/math-intrinsics/-/math-intrinsics-1.1.0.tgz 171ms (cache miss)
804 http fetch GET 200 https://registry.npmjs.org/es-define-property/-/es-define-property-1.0.1.tgz 171ms (cache miss)
805 http fetch GET 200 https://registry.npmjs.org/gopd/-/gopd-1.2.0.tgz 172ms (cache miss)
806 http fetch GET 200 https://registry.npmjs.org/function-bind/-/function-bind-1.1.2.tgz 176ms (cache miss)
807 http fetch GET 200 https://registry.npmjs.org/has-symbols/-/has-symbols-1.1.0.tgz 181ms (cache miss)
808 http fetch GET 200 https://registry.npmjs.org/es-errors/-/es-errors-1.3.0.tgz 185ms (cache miss)
809 http fetch GET 200 https://registry.npmjs.org/es-object-atoms/-/es-object-atoms-1.1.1.tgz 186ms (cache miss)
810 http fetch GET 200 https://registry.npmjs.org/get-proto/-/get-proto-1.0.1.tgz 186ms (cache miss)
811 http fetch GET 200 https://registry.npmjs.org/side-channel-list/-/side-channel-list-1.0.0.tgz 186ms (cache miss)
812 http fetch GET 200 https://registry.npmjs.org/path-to-regexp/-/path-to-regexp-8.3.0.tgz 198ms (cache miss)
813 http fetch GET 200 https://registry.npmjs.org/side-channel/-/side-channel-1.1.0.tgz 204ms (cache miss)
814 http fetch GET 200 https://registry.npmjs.org/unpipe/-/unpipe-1.0.0.tgz 218ms (cache miss)
815 http fetch GET 200 https://registry.npmjs.org/wrappy/-/wrappy-1.0.2.tgz 217ms (cache miss)
816 http fetch GET 200 https://registry.npmjs.org/ipaddr.js/-/ipaddr.js-1.9.1.tgz 217ms (cache miss)
817 http fetch GET 200 https://registry.npmjs.org/forwarded/-/forwarded-0.2.0.tgz 230ms (cache miss)
818 http fetch GET 200 https://registry.npmjs.org/sparse-bitfield/-/sparse-bitfield-3.0.3.tgz 232ms (cache miss)
819 http fetch GET 200 https://registry.npmjs.org/@types/webidl-conversions/-/webidl-conversions-7.0.3.tgz 234ms (cache miss)
820 http fetch GET 200 https://registry.npmjs.org/mongodb-connection-string-url/-/mongodb-connection-string-url-7.0.0.tgz 235ms (cache miss)
821 http fetch GET 200 https://registry.npmjs.org/whatwg-url/-/whatwg-url-14.2.0.tgz 237ms (cache miss)
822 http fetch GET 200 https://registry.npmjs.org/ee-first/-/ee-first-1.1.1.tgz 248ms (cache miss)
823 http fetch GET 200 https://registry.npmjs.org/is-promise/-/is-promise-4.0.0.tgz 253ms (cache miss)
824 http fetch GET 200 https://registry.npmjs.org/@mongodb-js/saslprep/-/saslprep-1.4.4.tgz 253ms (cache miss)
825 http fetch GET 200 https://registry.npmjs.org/sift/-/sift-17.1.3.tgz 263ms (cache miss)
826 http fetch GET 200 https://registry.npmjs.org/mquery/-/mquery-6.0.0.tgz 264ms (cache miss)
827 http fetch GET 200 https://registry.npmjs.org/kareem/-/kareem-3.0.0.tgz 273ms (cache miss)
828 http fetch POST 200 https://registry.npmjs.org/-/npm/v1/security/advisories/bulk 302ms
829 silly audit report {}
830 http fetch GET 200 https://registry.npmjs.org/mpath/-/mpath-0.9.0.tgz 283ms (cache miss)
831 http fetch GET 200 https://registry.npmjs.org/bson/-/bson-7.0.0.tgz 286ms (cache miss)
832 http fetch GET 200 https://registry.npmjs.org/buffer-equal-constant-time/-/buffer-equal-constant-time-1.0.1.tgz 289ms (cache miss)
833 http fetch GET 200 https://registry.npmjs.org/ecdsa-sig-formatter/-/ecdsa-sig-formatter-1.0.11.tgz 293ms (cache miss)
834 http fetch GET 200 https://registry.npmjs.org/lodash.isstring/-/lodash.isstring-4.0.1.tgz 301ms (cache miss)
835 http fetch GET 200 https://registry.npmjs.org/jwa/-/jwa-2.0.1.tgz 306ms (cache miss)
836 http fetch GET 200 https://registry.npmjs.org/safe-buffer/-/safe-buffer-5.2.1.tgz 308ms (cache miss)
837 http fetch GET 200 https://registry.npmjs.org/mime-db/-/mime-db-1.54.0.tgz 310ms (cache miss)
838 http fetch GET 200 https://registry.npmjs.org/semver/-/semver-7.7.3.tgz 312ms (cache miss)
839 http fetch GET 200 https://registry.npmjs.org/lodash.once/-/lodash.once-4.1.1.tgz 311ms (cache miss)
840 http fetch GET 200 https://registry.npmjs.org/lodash.includes/-/lodash.includes-4.3.0.tgz 319ms (cache miss)
841 http fetch GET 200 https://registry.npmjs.org/lodash.isinteger/-/lodash.isinteger-4.0.4.tgz 321ms (cache miss)
842 http fetch GET 200 https://registry.npmjs.org/lodash.isnumber/-/lodash.isnumber-3.0.3.tgz 336ms (cache miss)
843 http fetch GET 200 https://registry.npmjs.org/lodash.isboolean/-/lodash.isboolean-3.0.3.tgz 336ms (cache miss)
844 http fetch GET 200 https://registry.npmjs.org/lodash.isplainobject/-/lodash.isplainobject-4.0.6.tgz 339ms (cache miss)
845 http fetch GET 200 https://registry.npmjs.org/jws/-/jws-4.0.1.tgz 342ms (cache miss)
846 http fetch GET 200 https://registry.npmjs.org/safer-buffer/-/safer-buffer-2.1.2.tgz 344ms (cache miss)
847 http fetch GET 200 https://registry.npmjs.org/setprototypeof/-/setprototypeof-1.2.0.tgz 351ms (cache miss)
848 http fetch GET 200 https://registry.npmjs.org/toidentifier/-/toidentifier-1.0.1.tgz 351ms (cache miss)
849 http fetch GET 200 https://registry.npmjs.org/inherits/-/inherits-2.0.4.tgz 359ms (cache miss)
850 http fetch GET 200 https://registry.npmjs.org/ms/-/ms-2.1.3.tgz 359ms (cache miss)
851 http fetch GET 200 https://registry.npmjs.org/mongodb/-/mongodb-7.0.0.tgz 364ms (cache miss)
852 http fetch GET 200 https://registry.npmjs.org/bytes/-/bytes-3.1.2.tgz 365ms (cache miss)
853 http fetch GET 200 https://registry.npmjs.org/raw-body/-/raw-body-3.0.2.tgz 372ms (cache miss)
854 http fetch GET 200 https://registry.npmjs.org/type-is/-/type-is-2.0.1.tgz 383ms (cache miss)
855 http fetch GET 200 https://registry.npmjs.org/negotiator/-/negotiator-1.0.0.tgz 383ms (cache miss)
856 http fetch GET 200 https://registry.npmjs.org/statuses/-/statuses-2.0.2.tgz 386ms (cache miss)
857 http fetch GET 200 https://registry.npmjs.org/@types/whatwg-url/-/whatwg-url-13.0.0.tgz 391ms (cache miss)
858 http fetch GET 200 https://registry.npmjs.org/proxy-addr/-/proxy-addr-2.0.7.tgz 406ms (cache miss)
859 http fetch GET 200 https://registry.npmjs.org/iconv-lite/-/iconv-lite-0.7.1.tgz 408ms (cache miss)
860 http fetch GET 200 https://registry.npmjs.org/router/-/router-2.2.0.tgz 407ms (cache miss)
861 http fetch GET 200 https://registry.npmjs.org/serve-static/-/serve-static-2.2.1.tgz 408ms (cache miss)
862 http fetch GET 200 https://registry.npmjs.org/qs/-/qs-6.14.1.tgz 410ms (cache miss)
863 http fetch GET 200 https://registry.npmjs.org/parseurl/-/parseurl-1.3.3.tgz 410ms (cache miss)
864 http fetch GET 200 https://registry.npmjs.org/on-finished/-/on-finished-2.4.1.tgz 416ms (cache miss)
865 http fetch GET 200 https://registry.npmjs.org/once/-/once-1.4.0.tgz 419ms (cache miss)
866 http fetch GET 200 https://registry.npmjs.org/send/-/send-1.2.1.tgz 423ms (cache miss)
867 http fetch GET 200 https://registry.npmjs.org/mime-types/-/mime-types-3.0.2.tgz 432ms (cache miss)
868 http fetch GET 200 https://registry.npmjs.org/http-errors/-/http-errors-2.0.1.tgz 431ms (cache miss)
869 http fetch GET 200 https://registry.npmjs.org/merge-descriptors/-/merge-descriptors-2.0.0.tgz 431ms (cache miss)
870 http fetch GET 200 https://registry.npmjs.org/fresh/-/fresh-2.0.0.tgz 436ms (cache miss)
871 http fetch GET 200 https://registry.npmjs.org/etag/-/etag-1.8.1.tgz 439ms (cache miss)
872 http fetch GET 200 https://registry.npmjs.org/range-parser/-/range-parser-1.2.1.tgz 445ms (cache miss)
873 http fetch GET 200 https://registry.npmjs.org/depd/-/depd-2.0.0.tgz 455ms (cache miss)
874 http fetch GET 200 https://registry.npmjs.org/debug/-/debug-4.4.3.tgz 455ms (cache miss)
875 http fetch GET 200 https://registry.npmjs.org/escape-html/-/escape-html-1.0.3.tgz 457ms (cache miss)
876 http fetch GET 200 https://registry.npmjs.org/cookie-signature/-/cookie-signature-1.2.2.tgz 462ms (cache miss)
877 http fetch GET 200 https://registry.npmjs.org/encodeurl/-/encodeurl-2.0.0.tgz 464ms (cache miss)
878 http fetch GET 200 https://registry.npmjs.org/cookie/-/cookie-0.7.2.tgz 471ms (cache miss)
879 http fetch GET 200 https://registry.npmjs.org/body-parser/-/body-parser-2.2.1.tgz 471ms (cache miss)
880 http fetch GET 200 https://registry.npmjs.org/content-type/-/content-type-1.0.5.tgz 472ms (cache miss)
881 http fetch GET 200 https://registry.npmjs.org/content-disposition/-/content-disposition-1.0.1.tgz 477ms (cache miss)
882 http fetch GET 200 https://registry.npmjs.org/accepts/-/accepts-2.0.0.tgz 479ms (cache miss)
883 http fetch GET 200 https://registry.npmjs.org/node-gyp-build/-/node-gyp-build-4.8.4.tgz 484ms (cache miss)
884 http fetch GET 200 https://registry.npmjs.org/vary/-/vary-1.1.2.tgz 484ms (cache miss)
885 http fetch GET 200 https://registry.npmjs.org/object-assign/-/object-assign-4.1.1.tgz 506ms (cache miss)
886 http fetch GET 200 https://registry.npmjs.org/finalhandler/-/finalhandler-2.1.1.tgz 506ms (cache miss)
887 http fetch GET 200 https://registry.npmjs.org/cors/-/cors-2.8.5.tgz 513ms (cache miss)
888 http fetch GET 200 https://registry.npmjs.org/express/-/express-5.2.1.tgz 523ms (cache miss)
889 http fetch GET 200 https://registry.npmjs.org/node-addon-api/-/node-addon-api-8.5.0.tgz 525ms (cache miss)
890 http fetch GET 200 https://registry.npmjs.org/jsonwebtoken/-/jsonwebtoken-9.0.3.tgz 525ms (cache miss)
891 http fetch GET 200 https://registry.npmjs.org/dotenv/-/dotenv-17.2.3.tgz 525ms (cache miss)
892 http fetch GET 200 https://registry.npmjs.org/mongoose/-/mongoose-9.1.0.tgz 563ms (cache miss)
893 http fetch GET 200 https://registry.npmjs.org/bcrypt/-/bcrypt-6.0.0.tgz 710ms (cache miss)
894 info run bcrypt@6.0.0 install node_modules/bcrypt node-gyp-build
895 info run bcrypt@6.0.0 install { code: 0, signal: null }
896 silly ADD node_modules/punycode
897 silly ADD node_modules/webidl-conversions
898 silly ADD node_modules/tr46
899 silly ADD node_modules/media-typer
900 silly ADD node_modules/memory-pager
901 silly ADD node_modules/dunder-proto
902 silly ADD node_modules/math-intrinsics
903 silly ADD node_modules/hasown
904 silly ADD node_modules/has-symbols
905 silly ADD node_modules/gopd
906 silly ADD node_modules/get-proto
907 silly ADD node_modules/es-object-atoms
908 silly ADD node_modules/es-define-property
909 silly ADD node_modules/function-bind
910 silly ADD node_modules/call-bind-apply-helpers
911 silly ADD node_modules/get-intrinsic
912 silly ADD node_modules/call-bound
913 silly ADD node_modules/side-channel-weakmap
914 silly ADD node_modules/side-channel-map
915 silly ADD node_modules/side-channel-list
916 silly ADD node_modules/object-inspect
917 silly ADD node_modules/es-errors
918 silly ADD node_modules/path-to-regexp
919 silly ADD node_modules/is-promise
920 silly ADD node_modules/unpipe
921 silly ADD node_modules/side-channel
922 silly ADD node_modules/ipaddr.js
923 silly ADD node_modules/forwarded
924 silly ADD node_modules/wrappy
925 silly ADD node_modules/ee-first
926 silly ADD node_modules/@types/webidl-conversions
927 silly ADD node_modules/whatwg-url
928 silly ADD node_modules/@types/whatwg-url
929 silly ADD node_modules/sparse-bitfield
930 silly ADD node_modules/mongodb-connection-string-url
931 silly ADD node_modules/bson
932 silly ADD node_modules/@mongodb-js/saslprep
933 silly ADD node_modules/sift
934 silly ADD node_modules/mquery
935 silly ADD node_modules/mpath
936 silly ADD node_modules/mongodb
937 silly ADD node_modules/kareem
938 silly ADD node_modules/mime-db
939 silly ADD node_modules/ecdsa-sig-formatter
940 silly ADD node_modules/buffer-equal-constant-time
941 silly ADD node_modules/safe-buffer
942 silly ADD node_modules/jwa
943 silly ADD node_modules/semver
944 silly ADD node_modules/lodash.once
945 silly ADD node_modules/lodash.isstring
946 silly ADD node_modules/lodash.isplainobject
947 silly ADD node_modules/lodash.isnumber
948 silly ADD node_modules/lodash.isinteger
949 silly ADD node_modules/lodash.isboolean
950 silly ADD node_modules/lodash.includes
951 silly ADD node_modules/jws
952 silly ADD node_modules/safer-buffer
953 silly ADD node_modules/toidentifier
954 silly ADD node_modules/setprototypeof
955 silly ADD node_modules/inherits
956 silly ADD node_modules/ms
957 silly ADD node_modules/raw-body
958 silly ADD node_modules/iconv-lite
959 silly ADD node_modules/bytes
960 silly ADD node_modules/negotiator
961 silly ADD node_modules/type-is
962 silly ADD node_modules/statuses
963 silly ADD node_modules/serve-static
964 silly ADD node_modules/send
965 silly ADD node_modules/router
966 silly ADD node_modules/range-parser
967 silly ADD node_modules/qs
968 silly ADD node_modules/proxy-addr
969 silly ADD node_modules/parseurl
970 silly ADD node_modules/once
971 silly ADD node_modules/on-finished
972 silly ADD node_modules/mime-types
973 silly ADD node_modules/merge-descriptors
974 silly ADD node_modules/http-errors
975 silly ADD node_modules/fresh
976 silly ADD node_modules/finalhandler
977 silly ADD node_modules/etag
978 silly ADD node_modules/escape-html
979 silly ADD node_modules/encodeurl
980 silly ADD node_modules/depd
981 silly ADD node_modules/debug
982 silly ADD node_modules/cookie-signature
983 silly ADD node_modules/cookie
984 silly ADD node_modules/content-type
985 silly ADD node_modules/content-disposition
986 silly ADD node_modules/body-parser
987 silly ADD node_modules/accepts
988 silly ADD node_modules/vary
989 silly ADD node_modules/object-assign
990 silly ADD node_modules/node-gyp-build
991 silly ADD node_modules/node-addon-api
992 silly ADD node_modules/mongoose
993 silly ADD node_modules/jsonwebtoken
994 silly ADD node_modules/express
995 silly ADD node_modules/dotenv
996 silly ADD node_modules/cors
997 silly ADD node_modules/bcrypt
998 verbose cwd /Users/aryanpatil/backend-intern-assessment/backend
999 verbose os Darwin 25.0.0
1000 verbose node v22.20.0
1001 verbose npm  v10.9.3
1002 verbose exit 0
1003 info ok
