0 verbose cli /usr/local/bin/node /usr/local/bin/npm
1 info using npm@10.9.3
2 info using node@v22.20.0
3 silly config load:file:/usr/local/lib/node_modules/npm/npmrc
4 silly config load:file:/Users/aryanpatil/backend-intern-assessment/frontend/.npmrc
5 silly config load:file:/Users/aryanpatil/.npmrc
6 silly config load:file:/usr/local/etc/npmrc
7 verbose title npm install
8 verbose argv "install"
9 verbose logfile logs-max:10 dir:/Users/aryanpatil/backend-intern-assessment/frontend/.npm-cache/_logs/2025-12-31T01_08_56_407Z-
10 verbose logfile /Users/aryanpatil/backend-intern-assessment/frontend/.npm-cache/_logs/2025-12-31T01_08_56_407Z-debug-0.log
11 silly logfile done cleaning log files
12 silly packumentCache heap:2197815296 maxSize:549453824 maxEntrySize:274726912
13 silly idealTree buildDeps
14 verbose shrinkwrap failed to load node_modules/.package-lock.json out of date, updated: node_modules
15 silly reify moves {}
16 silly audit bulk request {
16 silly audit   '@babel/code-frame': [ '7.27.1' ],
16 silly audit   '@babel/compat-data': [ '7.28.5' ],
16 silly audit   '@babel/core': [ '7.28.5' ],
16 silly audit   '@babel/generator': [ '7.28.5' ],
16 silly audit   '@babel/helper-compilation-targets': [ '7.27.2' ],
16 silly audit   '@babel/helper-globals': [ '7.28.0' ],
16 silly audit   '@babel/helper-module-imports': [ '7.27.1' ],
16 silly audit   '@babel/helper-module-transforms': [ '7.28.3' ],
16 silly audit   '@babel/helper-plugin-utils': [ '7.27.1' ],
16 silly audit   '@babel/helper-string-parser': [ '7.27.1' ],
16 silly audit   '@babel/helper-validator-identifier': [ '7.28.5' ],
16 silly audit   '@babel/helper-validator-option': [ '7.27.1' ],
16 silly audit   '@babel/helpers': [ '7.28.4' ],
16 silly audit   '@babel/parser': [ '7.28.5' ],
16 silly audit   '@babel/plugin-transform-react-jsx-self': [ '7.27.1' ],
16 silly audit   '@babel/plugin-transform-react-jsx-source': [ '7.27.1' ],
16 silly audit   '@babel/template': [ '7.27.2' ],
16 silly audit   '@babel/traverse': [ '7.28.5' ],
16 silly audit   '@babel/types': [ '7.28.5' ],
16 silly audit   '@esbuild/aix-ppc64': [ '0.21.5' ],
16 silly audit   '@esbuild/android-arm': [ '0.21.5' ],
16 silly audit   '@esbuild/android-arm64': [ '0.21.5' ],
16 silly audit   '@esbuild/android-x64': [ '0.21.5' ],
16 silly audit   '@esbuild/darwin-arm64': [ '0.21.5' ],
16 silly audit   '@esbuild/darwin-x64': [ '0.21.5' ],
16 silly audit   '@esbuild/freebsd-arm64': [ '0.21.5' ],
16 silly audit   '@esbuild/freebsd-x64': [ '0.21.5' ],
16 silly audit   '@esbuild/linux-arm': [ '0.21.5' ],
16 silly audit   '@esbuild/linux-arm64': [ '0.21.5' ],
16 silly audit   '@esbuild/linux-ia32': [ '0.21.5' ],
16 silly audit   '@esbuild/linux-loong64': [ '0.21.5' ],
16 silly audit   '@esbuild/linux-mips64el': [ '0.21.5' ],
16 silly audit   '@esbuild/linux-ppc64': [ '0.21.5' ],
16 silly audit   '@esbuild/linux-riscv64': [ '0.21.5' ],
16 silly audit   '@esbuild/linux-s390x': [ '0.21.5' ],
16 silly audit   '@esbuild/linux-x64': [ '0.21.5' ],
16 silly audit   '@esbuild/netbsd-x64': [ '0.21.5' ],
16 silly audit   '@esbuild/openbsd-x64': [ '0.21.5' ],
16 silly audit   '@esbuild/sunos-x64': [ '0.21.5' ],
16 silly audit   '@esbuild/win32-arm64': [ '0.21.5' ],
16 silly audit   '@esbuild/win32-ia32': [ '0.21.5' ],
16 silly audit   '@esbuild/win32-x64': [ '0.21.5' ],
16 silly audit   '@jridgewell/gen-mapping': [ '0.3.13' ],
16 silly audit   '@jridgewell/remapping': [ '2.3.5' ],
16 silly audit   '@jridgewell/resolve-uri': [ '3.1.2' ],
16 silly audit   '@jridgewell/sourcemap-codec': [ '1.5.5' ],
16 silly audit   '@jridgewell/trace-mapping': [ '0.3.31' ],
16 silly audit   '@remix-run/router': [ '1.23.1' ],
16 silly audit   '@rolldown/pluginutils': [ '1.0.0-beta.27' ],
16 silly audit   '@rollup/rollup-android-arm-eabi': [ '4.54.0' ],
16 silly audit   '@rollup/rollup-android-arm64': [ '4.54.0' ],
16 silly audit   '@rollup/rollup-darwin-arm64': [ '4.54.0' ],
16 silly audit   '@rollup/rollup-darwin-x64': [ '4.54.0' ],
16 silly audit   '@rollup/rollup-freebsd-arm64': [ '4.54.0' ],
16 silly audit   '@rollup/rollup-freebsd-x64': [ '4.54.0' ],
16 silly audit   '@rollup/rollup-linux-arm-gnueabihf': [ '4.54.0' ],
16 silly audit   '@rollup/rollup-linux-arm-musleabihf': [ '4.54.0' ],
16 silly audit   '@rollup/rollup-linux-arm64-gnu': [ '4.54.0' ],
16 silly audit   '@rollup/rollup-linux-arm64-musl': [ '4.54.0' ],
16 silly audit   '@rollup/rollup-linux-loong64-gnu': [ '4.54.0' ],
16 silly audit   '@rollup/rollup-linux-ppc64-gnu': [ '4.54.0' ],
16 silly audit   '@rollup/rollup-linux-riscv64-gnu': [ '4.54.0' ],
16 silly audit   '@rollup/rollup-linux-riscv64-musl': [ '4.54.0' ],
16 silly audit   '@rollup/rollup-linux-s390x-gnu': [ '4.54.0' ],
16 silly audit   '@rollup/rollup-linux-x64-gnu': [ '4.54.0' ],
16 silly audit   '@rollup/rollup-linux-x64-musl': [ '4.54.0' ],
16 silly audit   '@rollup/rollup-openharmony-arm64': [ '4.54.0' ],
16 silly audit   '@rollup/rollup-win32-arm64-msvc': [ '4.54.0' ],
16 silly audit   '@rollup/rollup-win32-ia32-msvc': [ '4.54.0' ],
16 silly audit   '@rollup/rollup-win32-x64-gnu': [ '4.54.0' ],
16 silly audit   '@rollup/rollup-win32-x64-msvc': [ '4.54.0' ],
16 silly audit   '@types/babel__core': [ '7.20.5' ],
16 silly audit   '@types/babel__generator': [ '7.27.0' ],
16 silly audit   '@types/babel__template': [ '7.4.4' ],
16 silly audit   '@types/babel__traverse': [ '7.28.0' ],
16 silly audit   '@types/estree': [ '1.0.8' ],
16 silly audit   '@types/prop-types': [ '15.7.15' ],
16 silly audit   '@types/react': [ '18.3.27' ],
16 silly audit   '@types/react-dom': [ '18.3.7' ],
16 silly audit   '@vitejs/plugin-react': [ '4.7.0' ],
16 silly audit   'baseline-browser-mapping': [ '2.9.11' ],
16 silly audit   browserslist: [ '4.28.1' ],
16 silly audit   'caniuse-lite': [ '1.0.30001762' ],
16 silly audit   'convert-source-map': [ '2.0.0' ],
16 silly audit   csstype: [ '3.2.3' ],
16 silly audit   debug: [ '4.4.3' ],
16 silly audit   'electron-to-chromium': [ '1.5.267' ],
16 silly audit   esbuild: [ '0.21.5' ],
16 silly audit   escalade: [ '3.2.0' ],
16 silly audit   fsevents: [ '2.3.3' ],
16 silly audit   gensync: [ '1.0.0-beta.2' ],
16 silly audit   'js-tokens': [ '4.0.0' ],
16 silly audit   jsesc: [ '3.1.0' ],
16 silly audit   json5: [ '2.2.3' ],
16 silly audit   'loose-envify': [ '1.4.0' ],
16 silly audit   'lru-cache': [ '5.1.1' ],
16 silly audit   ms: [ '2.1.3' ],
16 silly audit   nanoid: [ '3.3.11' ],
16 silly audit   'node-releases': [ '2.0.27' ],
16 silly audit   picocolors: [ '1.1.1' ],
16 silly audit   postcss: [ '8.5.6' ],
16 silly audit   react: [ '18.3.1' ],
16 silly audit   'react-dom': [ '18.3.1' ],
16 silly audit   'react-refresh': [ '0.17.0' ],
16 silly audit   'react-router': [ '6.30.2' ],
16 silly audit   'react-router-dom': [ '6.30.2' ],
16 silly audit   rollup: [ '4.54.0' ],
16 silly audit   scheduler: [ '0.23.2' ],
16 silly audit   semver: [ '6.3.1' ],
16 silly audit   'source-map-js': [ '1.2.1' ],
16 silly audit   'update-browserslist-db': [ '1.2.3' ],
16 silly audit   vite: [ '5.4.21' ],
16 silly audit   yallist: [ '3.1.1' ]
16 silly audit }
17 verbose reify failed optional dependency /Users/aryanpatil/backend-intern-assessment/frontend/node_modules/@rollup/rollup-win32-x64-msvc
18 silly reify mark deleted [
18 silly reify   '/Users/aryanpatil/backend-intern-assessment/frontend/node_modules/@rollup/rollup-win32-x64-msvc'
18 silly reify ]
19 verbose reify failed optional dependency /Users/aryanpatil/backend-intern-assessment/frontend/node_modules/@rollup/rollup-win32-x64-gnu
20 silly reify mark deleted [
20 silly reify   '/Users/aryanpatil/backend-intern-assessment/frontend/node_modules/@rollup/rollup-win32-x64-gnu'
20 silly reify ]
21 verbose reify failed optional dependency /Users/aryanpatil/backend-intern-assessment/frontend/node_modules/@rollup/rollup-win32-ia32-msvc
22 silly reify mark deleted [
22 silly reify   '/Users/aryanpatil/backend-intern-assessment/frontend/node_modules/@rollup/rollup-win32-ia32-msvc'
22 silly reify ]
23 verbose reify failed optional dependency /Users/aryanpatil/backend-intern-assessment/frontend/node_modules/@rollup/rollup-win32-arm64-msvc
24 silly reify mark deleted [
24 silly reify   '/Users/aryanpatil/backend-intern-assessment/frontend/node_modules/@rollup/rollup-win32-arm64-msvc'
24 silly reify ]
25 verbose reify failed optional dependency /Users/aryanpatil/backend-intern-assessment/frontend/node_modules/@rollup/rollup-openharmony-arm64
26 silly reify mark deleted [
26 silly reify   '/Users/aryanpatil/backend-intern-assessment/frontend/node_modules/@rollup/rollup-openharmony-arm64'
26 silly reify ]
27 verbose reify failed optional dependency /Users/aryanpatil/backend-intern-assessment/frontend/node_modules/@rollup/rollup-linux-x64-musl
28 silly reify mark deleted [
28 silly reify   '/Users/aryanpatil/backend-intern-assessment/frontend/node_modules/@rollup/rollup-linux-x64-musl'
28 silly reify ]
29 verbose reify failed optional dependency /Users/aryanpatil/backend-intern-assessment/frontend/node_modules/@rollup/rollup-linux-x64-gnu
30 silly reify mark deleted [
30 silly reify   '/Users/aryanpatil/backend-intern-assessment/frontend/node_modules/@rollup/rollup-linux-x64-gnu'
30 silly reify ]
31 verbose reify failed optional dependency /Users/aryanpatil/backend-intern-assessment/frontend/node_modules/@rollup/rollup-linux-s390x-gnu
32 silly reify mark deleted [
32 silly reify   '/Users/aryanpatil/backend-intern-assessment/frontend/node_modules/@rollup/rollup-linux-s390x-gnu'
32 silly reify ]
33 verbose reify failed optional dependency /Users/aryanpatil/backend-intern-assessment/frontend/node_modules/@rollup/rollup-linux-riscv64-musl
34 silly reify mark deleted [
34 silly reify   '/Users/aryanpatil/backend-intern-assessment/frontend/node_modules/@rollup/rollup-linux-riscv64-musl'
34 silly reify ]
35 verbose reify failed optional dependency /Users/aryanpatil/backend-intern-assessment/frontend/node_modules/@rollup/rollup-linux-riscv64-gnu
36 silly reify mark deleted [
36 silly reify   '/Users/aryanpatil/backend-intern-assessment/frontend/node_modules/@rollup/rollup-linux-riscv64-gnu'
36 silly reify ]
37 verbose reify failed optional dependency /Users/aryanpatil/backend-intern-assessment/frontend/node_modules/@rollup/rollup-linux-ppc64-gnu
38 silly reify mark deleted [
38 silly reify   '/Users/aryanpatil/backend-intern-assessment/frontend/node_modules/@rollup/rollup-linux-ppc64-gnu'
38 silly reify ]
39 verbose reify failed optional dependency /Users/aryanpatil/backend-intern-assessment/frontend/node_modules/@rollup/rollup-linux-loong64-gnu
40 silly reify mark deleted [
40 silly reify   '/Users/aryanpatil/backend-intern-assessment/frontend/node_modules/@rollup/rollup-linux-loong64-gnu'
40 silly reify ]
41 verbose reify failed optional dependency /Users/aryanpatil/backend-intern-assessment/frontend/node_modules/@rollup/rollup-linux-arm64-musl
42 silly reify mark deleted [
42 silly reify   '/Users/aryanpatil/backend-intern-assessment/frontend/node_modules/@rollup/rollup-linux-arm64-musl'
42 silly reify ]
43 verbose reify failed optional dependency /Users/aryanpatil/backend-intern-assessment/frontend/node_modules/@rollup/rollup-linux-arm64-gnu
44 silly reify mark deleted [
44 silly reify   '/Users/aryanpatil/backend-intern-assessment/frontend/node_modules/@rollup/rollup-linux-arm64-gnu'
44 silly reify ]
45 verbose reify failed optional dependency /Users/aryanpatil/backend-intern-assessment/frontend/node_modules/@rollup/rollup-linux-arm-musleabihf
46 silly reify mark deleted [
46 silly reify   '/Users/aryanpatil/backend-intern-assessment/frontend/node_modules/@rollup/rollup-linux-arm-musleabihf'
46 silly reify ]
47 verbose reify failed optional dependency /Users/aryanpatil/backend-intern-assessment/frontend/node_modules/@rollup/rollup-linux-arm-gnueabihf
48 silly reify mark deleted [
48 silly reify   '/Users/aryanpatil/backend-intern-assessment/frontend/node_modules/@rollup/rollup-linux-arm-gnueabihf'
48 silly reify ]
49 verbose reify failed optional dependency /Users/aryanpatil/backend-intern-assessment/frontend/node_modules/@rollup/rollup-freebsd-x64
50 silly reify mark deleted [
50 silly reify   '/Users/aryanpatil/backend-intern-assessment/frontend/node_modules/@rollup/rollup-freebsd-x64'
50 silly reify ]
51 verbose reify failed optional dependency /Users/aryanpatil/backend-intern-assessment/frontend/node_modules/@rollup/rollup-freebsd-arm64
52 silly reify mark deleted [
52 silly reify   '/Users/aryanpatil/backend-intern-assessment/frontend/node_modules/@rollup/rollup-freebsd-arm64'
52 silly reify ]
53 verbose reify failed optional dependency /Users/aryanpatil/backend-intern-assessment/frontend/node_modules/@rollup/rollup-darwin-x64
54 silly reify mark deleted [
54 silly reify   '/Users/aryanpatil/backend-intern-assessment/frontend/node_modules/@rollup/rollup-darwin-x64'
54 silly reify ]
55 verbose reify failed optional dependency /Users/aryanpatil/backend-intern-assessment/frontend/node_modules/@rollup/rollup-android-arm64
56 silly reify mark deleted [
56 silly reify   '/Users/aryanpatil/backend-intern-assessment/frontend/node_modules/@rollup/rollup-android-arm64'
56 silly reify ]
57 verbose reify failed optional dependency /Users/aryanpatil/backend-intern-assessment/frontend/node_modules/@rollup/rollup-android-arm-eabi
58 silly reify mark deleted [
58 silly reify   '/Users/aryanpatil/backend-intern-assessment/frontend/node_modules/@rollup/rollup-android-arm-eabi'
58 silly reify ]
59 verbose reify failed optional dependency /Users/aryanpatil/backend-intern-assessment/frontend/node_modules/@esbuild/win32-x64
60 silly reify mark deleted [
60 silly reify   '/Users/aryanpatil/backend-intern-assessment/frontend/node_modules/@esbuild/win32-x64'
60 silly reify ]
61 verbose reify failed optional dependency /Users/aryanpatil/backend-intern-assessment/frontend/node_modules/@esbuild/win32-ia32
62 silly reify mark deleted [
62 silly reify   '/Users/aryanpatil/backend-intern-assessment/frontend/node_modules/@esbuild/win32-ia32'
62 silly reify ]
63 verbose reify failed optional dependency /Users/aryanpatil/backend-intern-assessment/frontend/node_modules/@esbuild/win32-arm64
64 silly reify mark deleted [
64 silly reify   '/Users/aryanpatil/backend-intern-assessment/frontend/node_modules/@esbuild/win32-arm64'
64 silly reify ]
65 verbose reify failed optional dependency /Users/aryanpatil/backend-intern-assessment/frontend/node_modules/@esbuild/sunos-x64
66 silly reify mark deleted [
66 silly reify   '/Users/aryanpatil/backend-intern-assessment/frontend/node_modules/@esbuild/sunos-x64'
66 silly reify ]
67 verbose reify failed optional dependency /Users/aryanpatil/backend-intern-assessment/frontend/node_modules/@esbuild/openbsd-x64
68 silly reify mark deleted [
68 silly reify   '/Users/aryanpatil/backend-intern-assessment/frontend/node_modules/@esbuild/openbsd-x64'
68 silly reify ]
69 verbose reify failed optional dependency /Users/aryanpatil/backend-intern-assessment/frontend/node_modules/@esbuild/netbsd-x64
70 silly reify mark deleted [
70 silly reify   '/Users/aryanpatil/backend-intern-assessment/frontend/node_modules/@esbuild/netbsd-x64'
70 silly reify ]
71 verbose reify failed optional dependency /Users/aryanpatil/backend-intern-assessment/frontend/node_modules/@esbuild/linux-x64
72 silly reify mark deleted [
72 silly reify   '/Users/aryanpatil/backend-intern-assessment/frontend/node_modules/@esbuild/linux-x64'
72 silly reify ]
73 verbose reify failed optional dependency /Users/aryanpatil/backend-intern-assessment/frontend/node_modules/@esbuild/linux-s390x
74 silly reify mark deleted [
74 silly reify   '/Users/aryanpatil/backend-intern-assessment/frontend/node_modules/@esbuild/linux-s390x'
74 silly reify ]
75 verbose reify failed optional dependency /Users/aryanpatil/backend-intern-assessment/frontend/node_modules/@esbuild/linux-riscv64
76 silly reify mark deleted [
76 silly reify   '/Users/aryanpatil/backend-intern-assessment/frontend/node_modules/@esbuild/linux-riscv64'
76 silly reify ]
77 verbose reify failed optional dependency /Users/aryanpatil/backend-intern-assessment/frontend/node_modules/@esbuild/linux-ppc64
78 silly reify mark deleted [
78 silly reify   '/Users/aryanpatil/backend-intern-assessment/frontend/node_modules/@esbuild/linux-ppc64'
78 silly reify ]
79 verbose reify failed optional dependency /Users/aryanpatil/backend-intern-assessment/frontend/node_modules/@esbuild/linux-mips64el
80 silly reify mark deleted [
80 silly reify   '/Users/aryanpatil/backend-intern-assessment/frontend/node_modules/@esbuild/linux-mips64el'
80 silly reify ]
81 verbose reify failed optional dependency /Users/aryanpatil/backend-intern-assessment/frontend/node_modules/@esbuild/linux-loong64
82 silly reify mark deleted [
82 silly reify   '/Users/aryanpatil/backend-intern-assessment/frontend/node_modules/@esbuild/linux-loong64'
82 silly reify ]
83 verbose reify failed optional dependency /Users/aryanpatil/backend-intern-assessment/frontend/node_modules/@esbuild/linux-ia32
84 silly reify mark deleted [
84 silly reify   '/Users/aryanpatil/backend-intern-assessment/frontend/node_modules/@esbuild/linux-ia32'
84 silly reify ]
85 verbose reify failed optional dependency /Users/aryanpatil/backend-intern-assessment/frontend/node_modules/@esbuild/linux-arm64
86 silly reify mark deleted [
86 silly reify   '/Users/aryanpatil/backend-intern-assessment/frontend/node_modules/@esbuild/linux-arm64'
86 silly reify ]
87 verbose reify failed optional dependency /Users/aryanpatil/backend-intern-assessment/frontend/node_modules/@esbuild/linux-arm
88 silly reify mark deleted [
88 silly reify   '/Users/aryanpatil/backend-intern-assessment/frontend/node_modules/@esbuild/linux-arm'
88 silly reify ]
89 verbose reify failed optional dependency /Users/aryanpatil/backend-intern-assessment/frontend/node_modules/@esbuild/freebsd-x64
90 silly reify mark deleted [
90 silly reify   '/Users/aryanpatil/backend-intern-assessment/frontend/node_modules/@esbuild/freebsd-x64'
90 silly reify ]
91 verbose reify failed optional dependency /Users/aryanpatil/backend-intern-assessment/frontend/node_modules/@esbuild/freebsd-arm64
92 silly reify mark deleted [
92 silly reify   '/Users/aryanpatil/backend-intern-assessment/frontend/node_modules/@esbuild/freebsd-arm64'
92 silly reify ]
93 verbose reify failed optional dependency /Users/aryanpatil/backend-intern-assessment/frontend/node_modules/@esbuild/darwin-x64
94 silly reify mark deleted [
94 silly reify   '/Users/aryanpatil/backend-intern-assessment/frontend/node_modules/@esbuild/darwin-x64'
94 silly reify ]
95 verbose reify failed optional dependency /Users/aryanpatil/backend-intern-assessment/frontend/node_modules/@esbuild/android-x64
96 silly reify mark deleted [
96 silly reify   '/Users/aryanpatil/backend-intern-assessment/frontend/node_modules/@esbuild/android-x64'
96 silly reify ]
97 verbose reify failed optional dependency /Users/aryanpatil/backend-intern-assessment/frontend/node_modules/@esbuild/android-arm64
98 silly reify mark deleted [
98 silly reify   '/Users/aryanpatil/backend-intern-assessment/frontend/node_modules/@esbuild/android-arm64'
98 silly reify ]
99 verbose reify failed optional dependency /Users/aryanpatil/backend-intern-assessment/frontend/node_modules/@esbuild/android-arm
100 silly reify mark deleted [
100 silly reify   '/Users/aryanpatil/backend-intern-assessment/frontend/node_modules/@esbuild/android-arm'
100 silly reify ]
101 verbose reify failed optional dependency /Users/aryanpatil/backend-intern-assessment/frontend/node_modules/@esbuild/aix-ppc64
102 silly reify mark deleted [
102 silly reify   '/Users/aryanpatil/backend-intern-assessment/frontend/node_modules/@esbuild/aix-ppc64'
102 silly reify ]
103 http cache fsevents@https://registry.npmjs.org/fsevents/-/fsevents-2.3.3.tgz 0ms (cache hit)
104 http fetch POST 200 https://registry.npmjs.org/-/npm/v1/security/advisories/bulk 895ms
105 silly audit report {
105 silly audit report   esbuild: [
105 silly audit report     {
105 silly audit report       id: 1102341,
105 silly audit report       url: 'https://github.com/advisories/GHSA-67mh-4wv8-2f99',
105 silly audit report       title: 'esbuild enables any website to send any requests to the development server and read the response',
105 silly audit report       severity: 'moderate',
105 silly audit report       vulnerable_versions: '<=0.24.2',
105 silly audit report       cwe: [Array],
105 silly audit report       cvss: [Object]
105 silly audit report     }
105 silly audit report   ]
105 silly audit report }
106 silly packumentCache corgi:https://registry.npmjs.org/esbuild cache-miss
107 http fetch GET 200 https://registry.npmjs.org/esbuild 381ms (cache revalidated)
108 silly packumentCache corgi:https://registry.npmjs.org/esbuild set size:877737 disposed:false
109 silly packumentCache corgi:https://registry.npmjs.org/vite cache-miss
110 http fetch GET 200 https://registry.npmjs.org/vite 434ms (cache revalidated)
111 silly packumentCache corgi:https://registry.npmjs.org/vite set size:2154329 disposed:false
112 silly packumentCache corgi:https://registry.npmjs.org/@vitejs%2fplugin-react cache-miss
113 http fetch GET 200 https://registry.npmjs.org/@vitejs%2fplugin-react 795ms (cache revalidated)
114 silly packumentCache corgi:https://registry.npmjs.org/@vitejs%2fplugin-react set size:104872 disposed:false
115 silly ADD node_modules/fsevents
116 silly ADD
117 silly ADD
118 silly ADD
119 silly ADD
120 silly ADD
121 silly ADD
122 silly ADD
123 silly ADD
124 silly ADD
125 silly ADD
126 silly ADD
127 silly ADD
128 silly ADD
129 silly ADD
130 silly ADD
131 silly ADD
132 silly ADD
133 silly ADD
134 silly ADD
135 silly ADD
136 silly ADD
137 silly ADD
138 silly ADD
139 silly ADD
140 silly ADD
141 silly ADD
142 silly ADD
143 silly ADD
144 silly ADD
145 silly ADD
146 silly ADD
147 silly ADD
148 silly ADD
149 silly ADD
150 silly ADD
151 silly ADD
152 silly ADD
153 silly ADD
154 silly ADD
155 silly ADD
156 silly ADD
157 silly ADD
158 silly ADD
159 verbose cwd /Users/aryanpatil/backend-intern-assessment/frontend
160 verbose os Darwin 25.0.0
161 verbose node v22.20.0
162 verbose npm  v10.9.3
163 verbose exit 0
164 info ok
